ERROR - 2024-05-30 05:55:51 --> mysqli_sql_exception: Unknown column 'id_kasir' in 'field list' in C:\xampp\htdocs\rpl\system\Database\MySQLi\Connection.php:308
Stack trace:
#0 C:\xampp\htdocs\rpl\system\Database\MySQLi\Connection.php(308): mysqli->query('INSERT INTO `tb...', 0)
#1 C:\xampp\htdocs\rpl\system\Database\BaseConnection.php(722): CodeIgniter\Database\MySQLi\Connection->execute('INSERT INTO `tb...')
#2 C:\xampp\htdocs\rpl\system\Database\BaseConnection.php(636): CodeIgniter\Database\BaseConnection->simpleQuery('INSERT INTO `tb...')
#3 C:\xampp\htdocs\rpl\system\Database\BaseBuilder.php(2325): CodeIgniter\Database\BaseConnection->query('INSERT INTO `tb...', Array, false)
#4 C:\xampp\htdocs\rpl\app\Models\ModelKeranjang.php(17): CodeIgniter\Database\BaseBuilder->insert(Array)
#5 C:\xampp\htdocs\rpl\app\Controllers\Keranjang.php(80): App\Models\ModelKeranjang->InsertData(Array)
#6 C:\xampp\htdocs\rpl\system\CodeIgniter.php(933): App\Controllers\Keranjang->InsertData()
#7 C:\xampp\htdocs\rpl\system\CodeIgniter.php(509): CodeIgniter\CodeIgniter->runController(Object(App\Controllers\Keranjang))
#8 C:\xampp\htdocs\rpl\system\CodeIgniter.php(355): CodeIgniter\CodeIgniter->handleRequest(NULL, Object(Config\Cache), false)
#9 C:\xampp\htdocs\rpl\system\Boot.php(312): CodeIgniter\CodeIgniter->run()
#10 C:\xampp\htdocs\rpl\system\Boot.php(67): CodeIgniter\Boot::runCodeIgniter(Object(CodeIgniter\CodeIgniter))
#11 C:\xampp\htdocs\rpl\public\index.php(56): CodeIgniter\Boot::bootWeb(Object(Config\Paths))
#12 {main}
CRITICAL - 2024-05-30 05:55:51 --> CodeIgniter\Database\Exceptions\DatabaseException: Unknown column 'id_kasir' in 'field list'
[Method: POST, Route: Keranjang/InsertData]
in SYSTEMPATH\Database\BaseConnection.php on line 676.
 1 SYSTEMPATH\Database\BaseBuilder.php(2325): CodeIgniter\Database\BaseConnection->query('INSERT INTO `tbl_jual` (`no_faktur`, `tgl_jual`, `jam`, `grand_total`, `dbayar`, `kembalian`, `id_kasir`, `nama_kasir`, `nama_pelanggan`) VALUES (:no_faktur:, :tgl_jual:, :jam:, :grand_total:, :dbayar:, :kembalian:, :id_kasir:, :nama_kasir:, :nama_pelanggan:)', [...], false)
 2 APPPATH\Models\ModelKeranjang.php(17): CodeIgniter\Database\BaseBuilder->insert([...])
 3 APPPATH\Controllers\Keranjang.php(80): App\Models\ModelKeranjang->InsertData([...])
 4 SYSTEMPATH\CodeIgniter.php(933): App\Controllers\Keranjang->InsertData()
 5 SYSTEMPATH\CodeIgniter.php(509): CodeIgniter\CodeIgniter->runController(Object(App\Controllers\Keranjang))
 6 SYSTEMPATH\CodeIgniter.php(355): CodeIgniter\CodeIgniter->handleRequest(null, Object(Config\Cache), false)
 7 SYSTEMPATH\Boot.php(312): CodeIgniter\CodeIgniter->run()
 8 SYSTEMPATH\Boot.php(67): CodeIgniter\Boot::runCodeIgniter(Object(CodeIgniter\CodeIgniter))
 9 FCPATH\index.php(56): CodeIgniter\Boot::bootWeb(Object(Config\Paths))
CRITICAL - 2024-05-30 05:55:51 --> [Caused by] CodeIgniter\Database\Exceptions\DatabaseException: Unknown column 'id_kasir' in 'field list'
in SYSTEMPATH\Database\MySQLi\Connection.php on line 313.
 1 SYSTEMPATH\Database\BaseConnection.php(722): CodeIgniter\Database\MySQLi\Connection->execute('INSERT INTO `tbl_jual` (`no_faktur`, `tgl_jual`, `jam`, `grand_total`, `dbayar`, `kembalian`, `id_kasir`, `nama_kasir`, `nama_pelanggan`) VALUES (\'202405290001\', \'2024-05-30\', \'05:55:51\', 14000, 20000, 6000, \'1\', \'Dijal\', \'dijal\')')
 2 SYSTEMPATH\Database\BaseConnection.php(636): CodeIgniter\Database\BaseConnection->simpleQuery('INSERT INTO `tbl_jual` (`no_faktur`, `tgl_jual`, `jam`, `grand_total`, `dbayar`, `kembalian`, `id_kasir`, `nama_kasir`, `nama_pelanggan`) VALUES (\'202405290001\', \'2024-05-30\', \'05:55:51\', 14000, 20000, 6000, \'1\', \'Dijal\', \'dijal\')')
 3 SYSTEMPATH\Database\BaseBuilder.php(2325): CodeIgniter\Database\BaseConnection->query('INSERT INTO `tbl_jual` (`no_faktur`, `tgl_jual`, `jam`, `grand_total`, `dbayar`, `kembalian`, `id_kasir`, `nama_kasir`, `nama_pelanggan`) VALUES (:no_faktur:, :tgl_jual:, :jam:, :grand_total:, :dbayar:, :kembalian:, :id_kasir:, :nama_kasir:, :nama_pelanggan:)', [...], false)
 4 APPPATH\Models\ModelKeranjang.php(17): CodeIgniter\Database\BaseBuilder->insert([...])
 5 APPPATH\Controllers\Keranjang.php(80): App\Models\ModelKeranjang->InsertData([...])
 6 SYSTEMPATH\CodeIgniter.php(933): App\Controllers\Keranjang->InsertData()
 7 SYSTEMPATH\CodeIgniter.php(509): CodeIgniter\CodeIgniter->runController(Object(App\Controllers\Keranjang))
 8 SYSTEMPATH\CodeIgniter.php(355): CodeIgniter\CodeIgniter->handleRequest(null, Object(Config\Cache), false)
 9 SYSTEMPATH\Boot.php(312): CodeIgniter\CodeIgniter->run()
10 SYSTEMPATH\Boot.php(67): CodeIgniter\Boot::runCodeIgniter(Object(CodeIgniter\CodeIgniter))
11 FCPATH\index.php(56): CodeIgniter\Boot::bootWeb(Object(Config\Paths))
CRITICAL - 2024-05-30 05:55:51 --> [Caused by] mysqli_sql_exception: Unknown column 'id_kasir' in 'field list'
in SYSTEMPATH\Database\MySQLi\Connection.php on line 308.
 1 SYSTEMPATH\Database\MySQLi\Connection.php(308): mysqli->query('INSERT INTO `tbl_jual` (`no_faktur`, `tgl_jual`, `jam`, `grand_total`, `dbayar`, `kembalian`, `id_kasir`, `nama_kasir`, `nama_pelanggan`) VALUES (\'202405290001\', \'2024-05-30\', \'05:55:51\', 14000, 20000, 6000, \'1\', \'Dijal\', \'dijal\')', 0)
 2 SYSTEMPATH\Database\BaseConnection.php(722): CodeIgniter\Database\MySQLi\Connection->execute('INSERT INTO `tbl_jual` (`no_faktur`, `tgl_jual`, `jam`, `grand_total`, `dbayar`, `kembalian`, `id_kasir`, `nama_kasir`, `nama_pelanggan`) VALUES (\'202405290001\', \'2024-05-30\', \'05:55:51\', 14000, 20000, 6000, \'1\', \'Dijal\', \'dijal\')')
 3 SYSTEMPATH\Database\BaseConnection.php(636): CodeIgniter\Database\BaseConnection->simpleQuery('INSERT INTO `tbl_jual` (`no_faktur`, `tgl_jual`, `jam`, `grand_total`, `dbayar`, `kembalian`, `id_kasir`, `nama_kasir`, `nama_pelanggan`) VALUES (\'202405290001\', \'2024-05-30\', \'05:55:51\', 14000, 20000, 6000, \'1\', \'Dijal\', \'dijal\')')
 4 SYSTEMPATH\Database\BaseBuilder.php(2325): CodeIgniter\Database\BaseConnection->query('INSERT INTO `tbl_jual` (`no_faktur`, `tgl_jual`, `jam`, `grand_total`, `dbayar`, `kembalian`, `id_kasir`, `nama_kasir`, `nama_pelanggan`) VALUES (:no_faktur:, :tgl_jual:, :jam:, :grand_total:, :dbayar:, :kembalian:, :id_kasir:, :nama_kasir:, :nama_pelanggan:)', [...], false)
 5 APPPATH\Models\ModelKeranjang.php(17): CodeIgniter\Database\BaseBuilder->insert([...])
 6 APPPATH\Controllers\Keranjang.php(80): App\Models\ModelKeranjang->InsertData([...])
 7 SYSTEMPATH\CodeIgniter.php(933): App\Controllers\Keranjang->InsertData()
 8 SYSTEMPATH\CodeIgniter.php(509): CodeIgniter\CodeIgniter->runController(Object(App\Controllers\Keranjang))
 9 SYSTEMPATH\CodeIgniter.php(355): CodeIgniter\CodeIgniter->handleRequest(null, Object(Config\Cache), false)
10 SYSTEMPATH\Boot.php(312): CodeIgniter\CodeIgniter->run()
11 SYSTEMPATH\Boot.php(67): CodeIgniter\Boot::runCodeIgniter(Object(CodeIgniter\CodeIgniter))
12 FCPATH\index.php(56): CodeIgniter\Boot::bootWeb(Object(Config\Paths))
ERROR - 2024-05-30 05:56:28 --> mysqli_sql_exception: Unknown column 'id_kasir' in 'field list' in C:\xampp\htdocs\rpl\system\Database\MySQLi\Connection.php:308
Stack trace:
#0 C:\xampp\htdocs\rpl\system\Database\MySQLi\Connection.php(308): mysqli->query('INSERT INTO `tb...', 0)
#1 C:\xampp\htdocs\rpl\system\Database\BaseConnection.php(722): CodeIgniter\Database\MySQLi\Connection->execute('INSERT INTO `tb...')
#2 C:\xampp\htdocs\rpl\system\Database\BaseConnection.php(636): CodeIgniter\Database\BaseConnection->simpleQuery('INSERT INTO `tb...')
#3 C:\xampp\htdocs\rpl\system\Database\BaseBuilder.php(2325): CodeIgniter\Database\BaseConnection->query('INSERT INTO `tb...', Array, false)
#4 C:\xampp\htdocs\rpl\app\Models\ModelKeranjang.php(17): CodeIgniter\Database\BaseBuilder->insert(Array)
#5 C:\xampp\htdocs\rpl\app\Controllers\Keranjang.php(80): App\Models\ModelKeranjang->InsertData(Array)
#6 C:\xampp\htdocs\rpl\system\CodeIgniter.php(933): App\Controllers\Keranjang->InsertData()
#7 C:\xampp\htdocs\rpl\system\CodeIgniter.php(509): CodeIgniter\CodeIgniter->runController(Object(App\Controllers\Keranjang))
#8 C:\xampp\htdocs\rpl\system\CodeIgniter.php(355): CodeIgniter\CodeIgniter->handleRequest(NULL, Object(Config\Cache), false)
#9 C:\xampp\htdocs\rpl\system\Boot.php(312): CodeIgniter\CodeIgniter->run()
#10 C:\xampp\htdocs\rpl\system\Boot.php(67): CodeIgniter\Boot::runCodeIgniter(Object(CodeIgniter\CodeIgniter))
#11 C:\xampp\htdocs\rpl\public\index.php(56): CodeIgniter\Boot::bootWeb(Object(Config\Paths))
#12 {main}
CRITICAL - 2024-05-30 05:56:28 --> CodeIgniter\Database\Exceptions\DatabaseException: Unknown column 'id_kasir' in 'field list'
[Method: POST, Route: Keranjang/InsertData]
in SYSTEMPATH\Database\BaseConnection.php on line 676.
 1 SYSTEMPATH\Database\BaseBuilder.php(2325): CodeIgniter\Database\BaseConnection->query('INSERT INTO `tbl_jual` (`no_faktur`, `tgl_jual`, `jam`, `grand_total`, `dbayar`, `kembalian`, `id_kasir`, `nama_kasir`, `nama_pelanggan`) VALUES (:no_faktur:, :tgl_jual:, :jam:, :grand_total:, :dbayar:, :kembalian:, :id_kasir:, :nama_kasir:, :nama_pelanggan:)', [...], false)
 2 APPPATH\Models\ModelKeranjang.php(17): CodeIgniter\Database\BaseBuilder->insert([...])
 3 APPPATH\Controllers\Keranjang.php(80): App\Models\ModelKeranjang->InsertData([...])
 4 SYSTEMPATH\CodeIgniter.php(933): App\Controllers\Keranjang->InsertData()
 5 SYSTEMPATH\CodeIgniter.php(509): CodeIgniter\CodeIgniter->runController(Object(App\Controllers\Keranjang))
 6 SYSTEMPATH\CodeIgniter.php(355): CodeIgniter\CodeIgniter->handleRequest(null, Object(Config\Cache), false)
 7 SYSTEMPATH\Boot.php(312): CodeIgniter\CodeIgniter->run()
 8 SYSTEMPATH\Boot.php(67): CodeIgniter\Boot::runCodeIgniter(Object(CodeIgniter\CodeIgniter))
 9 FCPATH\index.php(56): CodeIgniter\Boot::bootWeb(Object(Config\Paths))
CRITICAL - 2024-05-30 05:56:28 --> [Caused by] CodeIgniter\Database\Exceptions\DatabaseException: Unknown column 'id_kasir' in 'field list'
in SYSTEMPATH\Database\MySQLi\Connection.php on line 313.
 1 SYSTEMPATH\Database\BaseConnection.php(722): CodeIgniter\Database\MySQLi\Connection->execute('INSERT INTO `tbl_jual` (`no_faktur`, `tgl_jual`, `jam`, `grand_total`, `dbayar`, `kembalian`, `id_kasir`, `nama_kasir`, `nama_pelanggan`) VALUES (\'202405290001\', \'2024-05-30\', \'05:56:28\', 14000, 20000, 6000, \'1\', \'Dijal\', \'dijal\')')
 2 SYSTEMPATH\Database\BaseConnection.php(636): CodeIgniter\Database\BaseConnection->simpleQuery('INSERT INTO `tbl_jual` (`no_faktur`, `tgl_jual`, `jam`, `grand_total`, `dbayar`, `kembalian`, `id_kasir`, `nama_kasir`, `nama_pelanggan`) VALUES (\'202405290001\', \'2024-05-30\', \'05:56:28\', 14000, 20000, 6000, \'1\', \'Dijal\', \'dijal\')')
 3 SYSTEMPATH\Database\BaseBuilder.php(2325): CodeIgniter\Database\BaseConnection->query('INSERT INTO `tbl_jual` (`no_faktur`, `tgl_jual`, `jam`, `grand_total`, `dbayar`, `kembalian`, `id_kasir`, `nama_kasir`, `nama_pelanggan`) VALUES (:no_faktur:, :tgl_jual:, :jam:, :grand_total:, :dbayar:, :kembalian:, :id_kasir:, :nama_kasir:, :nama_pelanggan:)', [...], false)
 4 APPPATH\Models\ModelKeranjang.php(17): CodeIgniter\Database\BaseBuilder->insert([...])
 5 APPPATH\Controllers\Keranjang.php(80): App\Models\ModelKeranjang->InsertData([...])
 6 SYSTEMPATH\CodeIgniter.php(933): App\Controllers\Keranjang->InsertData()
 7 SYSTEMPATH\CodeIgniter.php(509): CodeIgniter\CodeIgniter->runController(Object(App\Controllers\Keranjang))
 8 SYSTEMPATH\CodeIgniter.php(355): CodeIgniter\CodeIgniter->handleRequest(null, Object(Config\Cache), false)
 9 SYSTEMPATH\Boot.php(312): CodeIgniter\CodeIgniter->run()
10 SYSTEMPATH\Boot.php(67): CodeIgniter\Boot::runCodeIgniter(Object(CodeIgniter\CodeIgniter))
11 FCPATH\index.php(56): CodeIgniter\Boot::bootWeb(Object(Config\Paths))
CRITICAL - 2024-05-30 05:56:28 --> [Caused by] mysqli_sql_exception: Unknown column 'id_kasir' in 'field list'
in SYSTEMPATH\Database\MySQLi\Connection.php on line 308.
 1 SYSTEMPATH\Database\MySQLi\Connection.php(308): mysqli->query('INSERT INTO `tbl_jual` (`no_faktur`, `tgl_jual`, `jam`, `grand_total`, `dbayar`, `kembalian`, `id_kasir`, `nama_kasir`, `nama_pelanggan`) VALUES (\'202405290001\', \'2024-05-30\', \'05:56:28\', 14000, 20000, 6000, \'1\', \'Dijal\', \'dijal\')', 0)
 2 SYSTEMPATH\Database\BaseConnection.php(722): CodeIgniter\Database\MySQLi\Connection->execute('INSERT INTO `tbl_jual` (`no_faktur`, `tgl_jual`, `jam`, `grand_total`, `dbayar`, `kembalian`, `id_kasir`, `nama_kasir`, `nama_pelanggan`) VALUES (\'202405290001\', \'2024-05-30\', \'05:56:28\', 14000, 20000, 6000, \'1\', \'Dijal\', \'dijal\')')
 3 SYSTEMPATH\Database\BaseConnection.php(636): CodeIgniter\Database\BaseConnection->simpleQuery('INSERT INTO `tbl_jual` (`no_faktur`, `tgl_jual`, `jam`, `grand_total`, `dbayar`, `kembalian`, `id_kasir`, `nama_kasir`, `nama_pelanggan`) VALUES (\'202405290001\', \'2024-05-30\', \'05:56:28\', 14000, 20000, 6000, \'1\', \'Dijal\', \'dijal\')')
 4 SYSTEMPATH\Database\BaseBuilder.php(2325): CodeIgniter\Database\BaseConnection->query('INSERT INTO `tbl_jual` (`no_faktur`, `tgl_jual`, `jam`, `grand_total`, `dbayar`, `kembalian`, `id_kasir`, `nama_kasir`, `nama_pelanggan`) VALUES (:no_faktur:, :tgl_jual:, :jam:, :grand_total:, :dbayar:, :kembalian:, :id_kasir:, :nama_kasir:, :nama_pelanggan:)', [...], false)
 5 APPPATH\Models\ModelKeranjang.php(17): CodeIgniter\Database\BaseBuilder->insert([...])
 6 APPPATH\Controllers\Keranjang.php(80): App\Models\ModelKeranjang->InsertData([...])
 7 SYSTEMPATH\CodeIgniter.php(933): App\Controllers\Keranjang->InsertData()
 8 SYSTEMPATH\CodeIgniter.php(509): CodeIgniter\CodeIgniter->runController(Object(App\Controllers\Keranjang))
 9 SYSTEMPATH\CodeIgniter.php(355): CodeIgniter\CodeIgniter->handleRequest(null, Object(Config\Cache), false)
10 SYSTEMPATH\Boot.php(312): CodeIgniter\CodeIgniter->run()
11 SYSTEMPATH\Boot.php(67): CodeIgniter\Boot::runCodeIgniter(Object(CodeIgniter\CodeIgniter))
12 FCPATH\index.php(56): CodeIgniter\Boot::bootWeb(Object(Config\Paths))
ERROR - 2024-05-30 05:56:31 --> mysqli_sql_exception: Unknown column 'id_kasir' in 'field list' in C:\xampp\htdocs\rpl\system\Database\MySQLi\Connection.php:308
Stack trace:
#0 C:\xampp\htdocs\rpl\system\Database\MySQLi\Connection.php(308): mysqli->query('INSERT INTO `tb...', 0)
#1 C:\xampp\htdocs\rpl\system\Database\BaseConnection.php(722): CodeIgniter\Database\MySQLi\Connection->execute('INSERT INTO `tb...')
#2 C:\xampp\htdocs\rpl\system\Database\BaseConnection.php(636): CodeIgniter\Database\BaseConnection->simpleQuery('INSERT INTO `tb...')
#3 C:\xampp\htdocs\rpl\system\Database\BaseBuilder.php(2325): CodeIgniter\Database\BaseConnection->query('INSERT INTO `tb...', Array, false)
#4 C:\xampp\htdocs\rpl\app\Models\ModelKeranjang.php(17): CodeIgniter\Database\BaseBuilder->insert(Array)
#5 C:\xampp\htdocs\rpl\app\Controllers\Keranjang.php(80): App\Models\ModelKeranjang->InsertData(Array)
#6 C:\xampp\htdocs\rpl\system\CodeIgniter.php(933): App\Controllers\Keranjang->InsertData()
#7 C:\xampp\htdocs\rpl\system\CodeIgniter.php(509): CodeIgniter\CodeIgniter->runController(Object(App\Controllers\Keranjang))
#8 C:\xampp\htdocs\rpl\system\CodeIgniter.php(355): CodeIgniter\CodeIgniter->handleRequest(NULL, Object(Config\Cache), false)
#9 C:\xampp\htdocs\rpl\system\Boot.php(312): CodeIgniter\CodeIgniter->run()
#10 C:\xampp\htdocs\rpl\system\Boot.php(67): CodeIgniter\Boot::runCodeIgniter(Object(CodeIgniter\CodeIgniter))
#11 C:\xampp\htdocs\rpl\public\index.php(56): CodeIgniter\Boot::bootWeb(Object(Config\Paths))
#12 {main}
CRITICAL - 2024-05-30 05:56:31 --> CodeIgniter\Database\Exceptions\DatabaseException: Unknown column 'id_kasir' in 'field list'
[Method: POST, Route: Keranjang/InsertData]
in SYSTEMPATH\Database\BaseConnection.php on line 676.
 1 SYSTEMPATH\Database\BaseBuilder.php(2325): CodeIgniter\Database\BaseConnection->query('INSERT INTO `tbl_jual` (`no_faktur`, `tgl_jual`, `jam`, `grand_total`, `dbayar`, `kembalian`, `id_kasir`, `nama_kasir`, `nama_pelanggan`) VALUES (:no_faktur:, :tgl_jual:, :jam:, :grand_total:, :dbayar:, :kembalian:, :id_kasir:, :nama_kasir:, :nama_pelanggan:)', [...], false)
 2 APPPATH\Models\ModelKeranjang.php(17): CodeIgniter\Database\BaseBuilder->insert([...])
 3 APPPATH\Controllers\Keranjang.php(80): App\Models\ModelKeranjang->InsertData([...])
 4 SYSTEMPATH\CodeIgniter.php(933): App\Controllers\Keranjang->InsertData()
 5 SYSTEMPATH\CodeIgniter.php(509): CodeIgniter\CodeIgniter->runController(Object(App\Controllers\Keranjang))
 6 SYSTEMPATH\CodeIgniter.php(355): CodeIgniter\CodeIgniter->handleRequest(null, Object(Config\Cache), false)
 7 SYSTEMPATH\Boot.php(312): CodeIgniter\CodeIgniter->run()
 8 SYSTEMPATH\Boot.php(67): CodeIgniter\Boot::runCodeIgniter(Object(CodeIgniter\CodeIgniter))
 9 FCPATH\index.php(56): CodeIgniter\Boot::bootWeb(Object(Config\Paths))
CRITICAL - 2024-05-30 05:56:31 --> [Caused by] CodeIgniter\Database\Exceptions\DatabaseException: Unknown column 'id_kasir' in 'field list'
in SYSTEMPATH\Database\MySQLi\Connection.php on line 313.
 1 SYSTEMPATH\Database\BaseConnection.php(722): CodeIgniter\Database\MySQLi\Connection->execute('INSERT INTO `tbl_jual` (`no_faktur`, `tgl_jual`, `jam`, `grand_total`, `dbayar`, `kembalian`, `id_kasir`, `nama_kasir`, `nama_pelanggan`) VALUES (\'202405290001\', \'2024-05-30\', \'05:56:31\', 14000, 20000, 6000, \'1\', \'Dijal\', \'dijal\')')
 2 SYSTEMPATH\Database\BaseConnection.php(636): CodeIgniter\Database\BaseConnection->simpleQuery('INSERT INTO `tbl_jual` (`no_faktur`, `tgl_jual`, `jam`, `grand_total`, `dbayar`, `kembalian`, `id_kasir`, `nama_kasir`, `nama_pelanggan`) VALUES (\'202405290001\', \'2024-05-30\', \'05:56:31\', 14000, 20000, 6000, \'1\', \'Dijal\', \'dijal\')')
 3 SYSTEMPATH\Database\BaseBuilder.php(2325): CodeIgniter\Database\BaseConnection->query('INSERT INTO `tbl_jual` (`no_faktur`, `tgl_jual`, `jam`, `grand_total`, `dbayar`, `kembalian`, `id_kasir`, `nama_kasir`, `nama_pelanggan`) VALUES (:no_faktur:, :tgl_jual:, :jam:, :grand_total:, :dbayar:, :kembalian:, :id_kasir:, :nama_kasir:, :nama_pelanggan:)', [...], false)
 4 APPPATH\Models\ModelKeranjang.php(17): CodeIgniter\Database\BaseBuilder->insert([...])
 5 APPPATH\Controllers\Keranjang.php(80): App\Models\ModelKeranjang->InsertData([...])
 6 SYSTEMPATH\CodeIgniter.php(933): App\Controllers\Keranjang->InsertData()
 7 SYSTEMPATH\CodeIgniter.php(509): CodeIgniter\CodeIgniter->runController(Object(App\Controllers\Keranjang))
 8 SYSTEMPATH\CodeIgniter.php(355): CodeIgniter\CodeIgniter->handleRequest(null, Object(Config\Cache), false)
 9 SYSTEMPATH\Boot.php(312): CodeIgniter\CodeIgniter->run()
10 SYSTEMPATH\Boot.php(67): CodeIgniter\Boot::runCodeIgniter(Object(CodeIgniter\CodeIgniter))
11 FCPATH\index.php(56): CodeIgniter\Boot::bootWeb(Object(Config\Paths))
CRITICAL - 2024-05-30 05:56:31 --> [Caused by] mysqli_sql_exception: Unknown column 'id_kasir' in 'field list'
in SYSTEMPATH\Database\MySQLi\Connection.php on line 308.
 1 SYSTEMPATH\Database\MySQLi\Connection.php(308): mysqli->query('INSERT INTO `tbl_jual` (`no_faktur`, `tgl_jual`, `jam`, `grand_total`, `dbayar`, `kembalian`, `id_kasir`, `nama_kasir`, `nama_pelanggan`) VALUES (\'202405290001\', \'2024-05-30\', \'05:56:31\', 14000, 20000, 6000, \'1\', \'Dijal\', \'dijal\')', 0)
 2 SYSTEMPATH\Database\BaseConnection.php(722): CodeIgniter\Database\MySQLi\Connection->execute('INSERT INTO `tbl_jual` (`no_faktur`, `tgl_jual`, `jam`, `grand_total`, `dbayar`, `kembalian`, `id_kasir`, `nama_kasir`, `nama_pelanggan`) VALUES (\'202405290001\', \'2024-05-30\', \'05:56:31\', 14000, 20000, 6000, \'1\', \'Dijal\', \'dijal\')')
 3 SYSTEMPATH\Database\BaseConnection.php(636): CodeIgniter\Database\BaseConnection->simpleQuery('INSERT INTO `tbl_jual` (`no_faktur`, `tgl_jual`, `jam`, `grand_total`, `dbayar`, `kembalian`, `id_kasir`, `nama_kasir`, `nama_pelanggan`) VALUES (\'202405290001\', \'2024-05-30\', \'05:56:31\', 14000, 20000, 6000, \'1\', \'Dijal\', \'dijal\')')
 4 SYSTEMPATH\Database\BaseBuilder.php(2325): CodeIgniter\Database\BaseConnection->query('INSERT INTO `tbl_jual` (`no_faktur`, `tgl_jual`, `jam`, `grand_total`, `dbayar`, `kembalian`, `id_kasir`, `nama_kasir`, `nama_pelanggan`) VALUES (:no_faktur:, :tgl_jual:, :jam:, :grand_total:, :dbayar:, :kembalian:, :id_kasir:, :nama_kasir:, :nama_pelanggan:)', [...], false)
 5 APPPATH\Models\ModelKeranjang.php(17): CodeIgniter\Database\BaseBuilder->insert([...])
 6 APPPATH\Controllers\Keranjang.php(80): App\Models\ModelKeranjang->InsertData([...])
 7 SYSTEMPATH\CodeIgniter.php(933): App\Controllers\Keranjang->InsertData()
 8 SYSTEMPATH\CodeIgniter.php(509): CodeIgniter\CodeIgniter->runController(Object(App\Controllers\Keranjang))
 9 SYSTEMPATH\CodeIgniter.php(355): CodeIgniter\CodeIgniter->handleRequest(null, Object(Config\Cache), false)
10 SYSTEMPATH\Boot.php(312): CodeIgniter\CodeIgniter->run()
11 SYSTEMPATH\Boot.php(67): CodeIgniter\Boot::runCodeIgniter(Object(CodeIgniter\CodeIgniter))
12 FCPATH\index.php(56): CodeIgniter\Boot::bootWeb(Object(Config\Paths))
INFO - 2024-05-30 01:50:43 --> Session: Class initialized using 'CodeIgniter\Session\Handlers\FileHandler' driver.
INFO - 2024-05-30 01:50:43 --> Session: Class initialized using 'CodeIgniter\Session\Handlers\FileHandler' driver.
INFO - 2024-05-30 01:50:49 --> Session: Class initialized using 'CodeIgniter\Session\Handlers\FileHandler' driver.
INFO - 2024-05-30 01:50:50 --> Session: Class initialized using 'CodeIgniter\Session\Handlers\FileHandler' driver.
INFO - 2024-05-30 02:30:56 --> Session: Class initialized using 'CodeIgniter\Session\Handlers\FileHandler' driver.
INFO - 2024-05-30 02:31:00 --> Session: Class initialized using 'CodeIgniter\Session\Handlers\FileHandler' driver.
INFO - 2024-05-30 02:31:01 --> Session: Class initialized using 'CodeIgniter\Session\Handlers\FileHandler' driver.
INFO - 2024-05-30 02:31:03 --> Session: Class initialized using 'CodeIgniter\Session\Handlers\FileHandler' driver.
INFO - 2024-05-30 02:31:03 --> Cart Class Initialized
INFO - 2024-05-30 02:32:58 --> Session: Class initialized using 'CodeIgniter\Session\Handlers\FileHandler' driver.
INFO - 2024-05-30 02:32:58 --> Cart Class Initialized
INFO - 2024-05-30 02:34:38 --> Session: Class initialized using 'CodeIgniter\Session\Handlers\FileHandler' driver.
INFO - 2024-05-30 02:34:38 --> Cart Class Initialized
INFO - 2024-05-30 02:34:56 --> Session: Class initialized using 'CodeIgniter\Session\Handlers\FileHandler' driver.
INFO - 2024-05-30 02:34:56 --> Cart Class Initialized
INFO - 2024-05-30 02:35:06 --> Session: Class initialized using 'CodeIgniter\Session\Handlers\FileHandler' driver.
INFO - 2024-05-30 02:35:06 --> Cart Class Initialized
INFO - 2024-05-30 02:35:08 --> Session: Class initialized using 'CodeIgniter\Session\Handlers\FileHandler' driver.
INFO - 2024-05-30 02:35:08 --> Cart Class Initialized
INFO - 2024-05-30 02:36:21 --> Session: Class initialized using 'CodeIgniter\Session\Handlers\FileHandler' driver.
INFO - 2024-05-30 02:36:21 --> Cart Class Initialized
INFO - 2024-05-30 02:36:34 --> Session: Class initialized using 'CodeIgniter\Session\Handlers\FileHandler' driver.
INFO - 2024-05-30 02:36:34 --> Cart Class Initialized
INFO - 2024-05-30 02:37:03 --> Session: Class initialized using 'CodeIgniter\Session\Handlers\FileHandler' driver.
INFO - 2024-05-30 02:37:03 --> Cart Class Initialized
INFO - 2024-05-30 02:37:52 --> Session: Class initialized using 'CodeIgniter\Session\Handlers\FileHandler' driver.
INFO - 2024-05-30 02:37:52 --> Cart Class Initialized
INFO - 2024-05-30 02:39:06 --> Session: Class initialized using 'CodeIgniter\Session\Handlers\FileHandler' driver.
INFO - 2024-05-30 02:39:06 --> Cart Class Initialized
INFO - 2024-05-30 02:40:01 --> Session: Class initialized using 'CodeIgniter\Session\Handlers\FileHandler' driver.
INFO - 2024-05-30 02:40:01 --> Cart Class Initialized
INFO - 2024-05-30 02:40:06 --> Session: Class initialized using 'CodeIgniter\Session\Handlers\FileHandler' driver.
INFO - 2024-05-30 02:40:06 --> Cart Class Initialized
INFO - 2024-05-30 02:40:08 --> Session: Class initialized using 'CodeIgniter\Session\Handlers\FileHandler' driver.
INFO - 2024-05-30 02:40:08 --> Cart Class Initialized
INFO - 2024-05-30 02:40:09 --> Session: Class initialized using 'CodeIgniter\Session\Handlers\FileHandler' driver.
INFO - 2024-05-30 02:40:09 --> Cart Class Initialized
INFO - 2024-05-30 02:40:29 --> Session: Class initialized using 'CodeIgniter\Session\Handlers\FileHandler' driver.
INFO - 2024-05-30 02:40:29 --> Cart Class Initialized
INFO - 2024-05-30 02:40:42 --> Session: Class initialized using 'CodeIgniter\Session\Handlers\FileHandler' driver.
INFO - 2024-05-30 02:41:52 --> Session: Class initialized using 'CodeIgniter\Session\Handlers\FileHandler' driver.
INFO - 2024-05-30 02:43:36 --> Session: Class initialized using 'CodeIgniter\Session\Handlers\FileHandler' driver.
INFO - 2024-05-30 02:44:31 --> Session: Class initialized using 'CodeIgniter\Session\Handlers\FileHandler' driver.
INFO - 2024-05-30 02:44:31 --> Session: Class initialized using 'CodeIgniter\Session\Handlers\FileHandler' driver.
INFO - 2024-05-30 02:44:35 --> Session: Class initialized using 'CodeIgniter\Session\Handlers\FileHandler' driver.
INFO - 2024-05-30 02:44:35 --> Cart Class Initialized
INFO - 2024-05-30 02:46:40 --> Session: Class initialized using 'CodeIgniter\Session\Handlers\FileHandler' driver.
INFO - 2024-05-30 02:46:40 --> Cart Class Initialized
INFO - 2024-05-30 02:46:59 --> Session: Class initialized using 'CodeIgniter\Session\Handlers\FileHandler' driver.
INFO - 2024-05-30 02:46:59 --> Cart Class Initialized
INFO - 2024-05-30 02:48:01 --> Session: Class initialized using 'CodeIgniter\Session\Handlers\FileHandler' driver.
INFO - 2024-05-30 02:48:01 --> Cart Class Initialized
INFO - 2024-05-30 02:48:12 --> Session: Class initialized using 'CodeIgniter\Session\Handlers\FileHandler' driver.
INFO - 2024-05-30 02:48:12 --> Cart Class Initialized
INFO - 2024-05-30 02:48:24 --> Session: Class initialized using 'CodeIgniter\Session\Handlers\FileHandler' driver.
INFO - 2024-05-30 02:48:24 --> Cart Class Initialized
INFO - 2024-05-30 02:48:27 --> Session: Class initialized using 'CodeIgniter\Session\Handlers\FileHandler' driver.
INFO - 2024-05-30 02:48:27 --> Cart Class Initialized
INFO - 2024-05-30 02:48:39 --> Session: Class initialized using 'CodeIgniter\Session\Handlers\FileHandler' driver.
INFO - 2024-05-30 02:48:39 --> Cart Class Initialized
INFO - 2024-05-30 02:48:56 --> Session: Class initialized using 'CodeIgniter\Session\Handlers\FileHandler' driver.
INFO - 2024-05-30 02:48:56 --> Cart Class Initialized
INFO - 2024-05-30 02:48:56 --> Session: Class initialized using 'CodeIgniter\Session\Handlers\FileHandler' driver.
INFO - 2024-05-30 02:48:56 --> Cart Class Initialized
INFO - 2024-05-30 02:51:33 --> Session: Class initialized using 'CodeIgniter\Session\Handlers\FileHandler' driver.
INFO - 2024-05-30 02:51:37 --> Session: Class initialized using 'CodeIgniter\Session\Handlers\FileHandler' driver.
CRITICAL - 2024-05-30 02:51:37 --> ErrorException: Undefined array key "nama_pelanggan  "
[Method: POST, Route: Laporan/LihatLaporanHarian]
in APPPATH\Views\laporan\v_tabel_laporan_harian.php on line 21.
 1 APPPATH\Views\laporan\v_tabel_laporan_harian.php(21): CodeIgniter\Debug\Exceptions->errorHandler(2, 'Undefined array key "nama_pelanggan  "', 'C:\\xampp\\htdocs\\rpl\\app\\Views\\laporan\\v_tabel_laporan_harian.php', 21)
 2 SYSTEMPATH\View\View.php(234): include('C:\\xampp\\htdocs\\rpl\\app\\Views\\laporan\\v_tabel_laporan_harian.php')
 3 SYSTEMPATH\View\View.php(237): CodeIgniter\View\View->CodeIgniter\View\{closure}()
 4 SYSTEMPATH\Common.php(1171): CodeIgniter\View\View->render('laporan/v_tabel_laporan_harian', [], true)
 5 APPPATH\Controllers\Laporan.php(57): view('laporan/v_tabel_laporan_harian', [...])
 6 SYSTEMPATH\CodeIgniter.php(933): App\Controllers\Laporan->LihatLaporanHarian()
 7 SYSTEMPATH\CodeIgniter.php(509): CodeIgniter\CodeIgniter->runController(Object(App\Controllers\Laporan))
 8 SYSTEMPATH\CodeIgniter.php(355): CodeIgniter\CodeIgniter->handleRequest(null, Object(Config\Cache), false)
 9 SYSTEMPATH\Boot.php(312): CodeIgniter\CodeIgniter->run()
10 SYSTEMPATH\Boot.php(67): CodeIgniter\Boot::runCodeIgniter(Object(CodeIgniter\CodeIgniter))
11 FCPATH\index.php(56): CodeIgniter\Boot::bootWeb(Object(Config\Paths))
INFO - 2024-05-30 02:51:39 --> Session: Class initialized using 'CodeIgniter\Session\Handlers\FileHandler' driver.
CRITICAL - 2024-05-30 02:51:40 --> ErrorException: Undefined array key "nama_pelanggan  "
[Method: POST, Route: Laporan/LihatLaporanHarian]
in APPPATH\Views\laporan\v_tabel_laporan_harian.php on line 21.
 1 APPPATH\Views\laporan\v_tabel_laporan_harian.php(21): CodeIgniter\Debug\Exceptions->errorHandler(2, 'Undefined array key "nama_pelanggan  "', 'C:\\xampp\\htdocs\\rpl\\app\\Views\\laporan\\v_tabel_laporan_harian.php', 21)
 2 SYSTEMPATH\View\View.php(234): include('C:\\xampp\\htdocs\\rpl\\app\\Views\\laporan\\v_tabel_laporan_harian.php')
 3 SYSTEMPATH\View\View.php(237): CodeIgniter\View\View->CodeIgniter\View\{closure}()
 4 SYSTEMPATH\Common.php(1171): CodeIgniter\View\View->render('laporan/v_tabel_laporan_harian', [], true)
 5 APPPATH\Controllers\Laporan.php(57): view('laporan/v_tabel_laporan_harian', [...])
 6 SYSTEMPATH\CodeIgniter.php(933): App\Controllers\Laporan->LihatLaporanHarian()
 7 SYSTEMPATH\CodeIgniter.php(509): CodeIgniter\CodeIgniter->runController(Object(App\Controllers\Laporan))
 8 SYSTEMPATH\CodeIgniter.php(355): CodeIgniter\CodeIgniter->handleRequest(null, Object(Config\Cache), false)
 9 SYSTEMPATH\Boot.php(312): CodeIgniter\CodeIgniter->run()
10 SYSTEMPATH\Boot.php(67): CodeIgniter\Boot::runCodeIgniter(Object(CodeIgniter\CodeIgniter))
11 FCPATH\index.php(56): CodeIgniter\Boot::bootWeb(Object(Config\Paths))
INFO - 2024-05-30 02:51:40 --> Session: Class initialized using 'CodeIgniter\Session\Handlers\FileHandler' driver.
CRITICAL - 2024-05-30 02:51:40 --> ErrorException: Undefined array key "nama_pelanggan  "
[Method: POST, Route: Laporan/LihatLaporanHarian]
in APPPATH\Views\laporan\v_tabel_laporan_harian.php on line 21.
 1 APPPATH\Views\laporan\v_tabel_laporan_harian.php(21): CodeIgniter\Debug\Exceptions->errorHandler(2, 'Undefined array key "nama_pelanggan  "', 'C:\\xampp\\htdocs\\rpl\\app\\Views\\laporan\\v_tabel_laporan_harian.php', 21)
 2 SYSTEMPATH\View\View.php(234): include('C:\\xampp\\htdocs\\rpl\\app\\Views\\laporan\\v_tabel_laporan_harian.php')
 3 SYSTEMPATH\View\View.php(237): CodeIgniter\View\View->CodeIgniter\View\{closure}()
 4 SYSTEMPATH\Common.php(1171): CodeIgniter\View\View->render('laporan/v_tabel_laporan_harian', [], true)
 5 APPPATH\Controllers\Laporan.php(57): view('laporan/v_tabel_laporan_harian', [...])
 6 SYSTEMPATH\CodeIgniter.php(933): App\Controllers\Laporan->LihatLaporanHarian()
 7 SYSTEMPATH\CodeIgniter.php(509): CodeIgniter\CodeIgniter->runController(Object(App\Controllers\Laporan))
 8 SYSTEMPATH\CodeIgniter.php(355): CodeIgniter\CodeIgniter->handleRequest(null, Object(Config\Cache), false)
 9 SYSTEMPATH\Boot.php(312): CodeIgniter\CodeIgniter->run()
10 SYSTEMPATH\Boot.php(67): CodeIgniter\Boot::runCodeIgniter(Object(CodeIgniter\CodeIgniter))
11 FCPATH\index.php(56): CodeIgniter\Boot::bootWeb(Object(Config\Paths))
INFO - 2024-05-30 02:51:40 --> Session: Class initialized using 'CodeIgniter\Session\Handlers\FileHandler' driver.
CRITICAL - 2024-05-30 02:51:40 --> ErrorException: Undefined array key "nama_pelanggan  "
[Method: POST, Route: Laporan/LihatLaporanHarian]
in APPPATH\Views\laporan\v_tabel_laporan_harian.php on line 21.
 1 APPPATH\Views\laporan\v_tabel_laporan_harian.php(21): CodeIgniter\Debug\Exceptions->errorHandler(2, 'Undefined array key "nama_pelanggan  "', 'C:\\xampp\\htdocs\\rpl\\app\\Views\\laporan\\v_tabel_laporan_harian.php', 21)
 2 SYSTEMPATH\View\View.php(234): include('C:\\xampp\\htdocs\\rpl\\app\\Views\\laporan\\v_tabel_laporan_harian.php')
 3 SYSTEMPATH\View\View.php(237): CodeIgniter\View\View->CodeIgniter\View\{closure}()
 4 SYSTEMPATH\Common.php(1171): CodeIgniter\View\View->render('laporan/v_tabel_laporan_harian', [], true)
 5 APPPATH\Controllers\Laporan.php(57): view('laporan/v_tabel_laporan_harian', [...])
 6 SYSTEMPATH\CodeIgniter.php(933): App\Controllers\Laporan->LihatLaporanHarian()
 7 SYSTEMPATH\CodeIgniter.php(509): CodeIgniter\CodeIgniter->runController(Object(App\Controllers\Laporan))
 8 SYSTEMPATH\CodeIgniter.php(355): CodeIgniter\CodeIgniter->handleRequest(null, Object(Config\Cache), false)
 9 SYSTEMPATH\Boot.php(312): CodeIgniter\CodeIgniter->run()
10 SYSTEMPATH\Boot.php(67): CodeIgniter\Boot::runCodeIgniter(Object(CodeIgniter\CodeIgniter))
11 FCPATH\index.php(56): CodeIgniter\Boot::bootWeb(Object(Config\Paths))
INFO - 2024-05-30 02:51:40 --> Session: Class initialized using 'CodeIgniter\Session\Handlers\FileHandler' driver.
CRITICAL - 2024-05-30 02:51:40 --> ErrorException: Undefined array key "nama_pelanggan  "
[Method: POST, Route: Laporan/LihatLaporanHarian]
in APPPATH\Views\laporan\v_tabel_laporan_harian.php on line 21.
 1 APPPATH\Views\laporan\v_tabel_laporan_harian.php(21): CodeIgniter\Debug\Exceptions->errorHandler(2, 'Undefined array key "nama_pelanggan  "', 'C:\\xampp\\htdocs\\rpl\\app\\Views\\laporan\\v_tabel_laporan_harian.php', 21)
 2 SYSTEMPATH\View\View.php(234): include('C:\\xampp\\htdocs\\rpl\\app\\Views\\laporan\\v_tabel_laporan_harian.php')
 3 SYSTEMPATH\View\View.php(237): CodeIgniter\View\View->CodeIgniter\View\{closure}()
 4 SYSTEMPATH\Common.php(1171): CodeIgniter\View\View->render('laporan/v_tabel_laporan_harian', [], true)
 5 APPPATH\Controllers\Laporan.php(57): view('laporan/v_tabel_laporan_harian', [...])
 6 SYSTEMPATH\CodeIgniter.php(933): App\Controllers\Laporan->LihatLaporanHarian()
 7 SYSTEMPATH\CodeIgniter.php(509): CodeIgniter\CodeIgniter->runController(Object(App\Controllers\Laporan))
 8 SYSTEMPATH\CodeIgniter.php(355): CodeIgniter\CodeIgniter->handleRequest(null, Object(Config\Cache), false)
 9 SYSTEMPATH\Boot.php(312): CodeIgniter\CodeIgniter->run()
10 SYSTEMPATH\Boot.php(67): CodeIgniter\Boot::runCodeIgniter(Object(CodeIgniter\CodeIgniter))
11 FCPATH\index.php(56): CodeIgniter\Boot::bootWeb(Object(Config\Paths))
INFO - 2024-05-30 02:51:42 --> Session: Class initialized using 'CodeIgniter\Session\Handlers\FileHandler' driver.
INFO - 2024-05-30 02:51:43 --> Session: Class initialized using 'CodeIgniter\Session\Handlers\FileHandler' driver.
INFO - 2024-05-30 02:51:46 --> Session: Class initialized using 'CodeIgniter\Session\Handlers\FileHandler' driver.
CRITICAL - 2024-05-30 02:51:46 --> ErrorException: Undefined array key "nama_pelanggan  "
[Method: POST, Route: Laporan/LihatLaporanHarian]
in APPPATH\Views\laporan\v_tabel_laporan_harian.php on line 21.
 1 APPPATH\Views\laporan\v_tabel_laporan_harian.php(21): CodeIgniter\Debug\Exceptions->errorHandler(2, 'Undefined array key "nama_pelanggan  "', 'C:\\xampp\\htdocs\\rpl\\app\\Views\\laporan\\v_tabel_laporan_harian.php', 21)
 2 SYSTEMPATH\View\View.php(234): include('C:\\xampp\\htdocs\\rpl\\app\\Views\\laporan\\v_tabel_laporan_harian.php')
 3 SYSTEMPATH\View\View.php(237): CodeIgniter\View\View->CodeIgniter\View\{closure}()
 4 SYSTEMPATH\Common.php(1171): CodeIgniter\View\View->render('laporan/v_tabel_laporan_harian', [], true)
 5 APPPATH\Controllers\Laporan.php(57): view('laporan/v_tabel_laporan_harian', [...])
 6 SYSTEMPATH\CodeIgniter.php(933): App\Controllers\Laporan->LihatLaporanHarian()
 7 SYSTEMPATH\CodeIgniter.php(509): CodeIgniter\CodeIgniter->runController(Object(App\Controllers\Laporan))
 8 SYSTEMPATH\CodeIgniter.php(355): CodeIgniter\CodeIgniter->handleRequest(null, Object(Config\Cache), false)
 9 SYSTEMPATH\Boot.php(312): CodeIgniter\CodeIgniter->run()
10 SYSTEMPATH\Boot.php(67): CodeIgniter\Boot::runCodeIgniter(Object(CodeIgniter\CodeIgniter))
11 FCPATH\index.php(56): CodeIgniter\Boot::bootWeb(Object(Config\Paths))
INFO - 2024-05-30 02:51:47 --> Session: Class initialized using 'CodeIgniter\Session\Handlers\FileHandler' driver.
CRITICAL - 2024-05-30 02:51:47 --> ErrorException: Undefined array key "nama_pelanggan  "
[Method: POST, Route: Laporan/LihatLaporanHarian]
in APPPATH\Views\laporan\v_tabel_laporan_harian.php on line 21.
 1 APPPATH\Views\laporan\v_tabel_laporan_harian.php(21): CodeIgniter\Debug\Exceptions->errorHandler(2, 'Undefined array key "nama_pelanggan  "', 'C:\\xampp\\htdocs\\rpl\\app\\Views\\laporan\\v_tabel_laporan_harian.php', 21)
 2 SYSTEMPATH\View\View.php(234): include('C:\\xampp\\htdocs\\rpl\\app\\Views\\laporan\\v_tabel_laporan_harian.php')
 3 SYSTEMPATH\View\View.php(237): CodeIgniter\View\View->CodeIgniter\View\{closure}()
 4 SYSTEMPATH\Common.php(1171): CodeIgniter\View\View->render('laporan/v_tabel_laporan_harian', [], true)
 5 APPPATH\Controllers\Laporan.php(57): view('laporan/v_tabel_laporan_harian', [...])
 6 SYSTEMPATH\CodeIgniter.php(933): App\Controllers\Laporan->LihatLaporanHarian()
 7 SYSTEMPATH\CodeIgniter.php(509): CodeIgniter\CodeIgniter->runController(Object(App\Controllers\Laporan))
 8 SYSTEMPATH\CodeIgniter.php(355): CodeIgniter\CodeIgniter->handleRequest(null, Object(Config\Cache), false)
 9 SYSTEMPATH\Boot.php(312): CodeIgniter\CodeIgniter->run()
10 SYSTEMPATH\Boot.php(67): CodeIgniter\Boot::runCodeIgniter(Object(CodeIgniter\CodeIgniter))
11 FCPATH\index.php(56): CodeIgniter\Boot::bootWeb(Object(Config\Paths))
INFO - 2024-05-30 02:51:47 --> Session: Class initialized using 'CodeIgniter\Session\Handlers\FileHandler' driver.
CRITICAL - 2024-05-30 02:51:47 --> ErrorException: Undefined array key "nama_pelanggan  "
[Method: POST, Route: Laporan/LihatLaporanHarian]
in APPPATH\Views\laporan\v_tabel_laporan_harian.php on line 21.
 1 APPPATH\Views\laporan\v_tabel_laporan_harian.php(21): CodeIgniter\Debug\Exceptions->errorHandler(2, 'Undefined array key "nama_pelanggan  "', 'C:\\xampp\\htdocs\\rpl\\app\\Views\\laporan\\v_tabel_laporan_harian.php', 21)
 2 SYSTEMPATH\View\View.php(234): include('C:\\xampp\\htdocs\\rpl\\app\\Views\\laporan\\v_tabel_laporan_harian.php')
 3 SYSTEMPATH\View\View.php(237): CodeIgniter\View\View->CodeIgniter\View\{closure}()
 4 SYSTEMPATH\Common.php(1171): CodeIgniter\View\View->render('laporan/v_tabel_laporan_harian', [], true)
 5 APPPATH\Controllers\Laporan.php(57): view('laporan/v_tabel_laporan_harian', [...])
 6 SYSTEMPATH\CodeIgniter.php(933): App\Controllers\Laporan->LihatLaporanHarian()
 7 SYSTEMPATH\CodeIgniter.php(509): CodeIgniter\CodeIgniter->runController(Object(App\Controllers\Laporan))
 8 SYSTEMPATH\CodeIgniter.php(355): CodeIgniter\CodeIgniter->handleRequest(null, Object(Config\Cache), false)
 9 SYSTEMPATH\Boot.php(312): CodeIgniter\CodeIgniter->run()
10 SYSTEMPATH\Boot.php(67): CodeIgniter\Boot::runCodeIgniter(Object(CodeIgniter\CodeIgniter))
11 FCPATH\index.php(56): CodeIgniter\Boot::bootWeb(Object(Config\Paths))
INFO - 2024-05-30 02:51:47 --> Session: Class initialized using 'CodeIgniter\Session\Handlers\FileHandler' driver.
CRITICAL - 2024-05-30 02:51:47 --> ErrorException: Undefined array key "nama_pelanggan  "
[Method: POST, Route: Laporan/LihatLaporanHarian]
in APPPATH\Views\laporan\v_tabel_laporan_harian.php on line 21.
 1 APPPATH\Views\laporan\v_tabel_laporan_harian.php(21): CodeIgniter\Debug\Exceptions->errorHandler(2, 'Undefined array key "nama_pelanggan  "', 'C:\\xampp\\htdocs\\rpl\\app\\Views\\laporan\\v_tabel_laporan_harian.php', 21)
 2 SYSTEMPATH\View\View.php(234): include('C:\\xampp\\htdocs\\rpl\\app\\Views\\laporan\\v_tabel_laporan_harian.php')
 3 SYSTEMPATH\View\View.php(237): CodeIgniter\View\View->CodeIgniter\View\{closure}()
 4 SYSTEMPATH\Common.php(1171): CodeIgniter\View\View->render('laporan/v_tabel_laporan_harian', [], true)
 5 APPPATH\Controllers\Laporan.php(57): view('laporan/v_tabel_laporan_harian', [...])
 6 SYSTEMPATH\CodeIgniter.php(933): App\Controllers\Laporan->LihatLaporanHarian()
 7 SYSTEMPATH\CodeIgniter.php(509): CodeIgniter\CodeIgniter->runController(Object(App\Controllers\Laporan))
 8 SYSTEMPATH\CodeIgniter.php(355): CodeIgniter\CodeIgniter->handleRequest(null, Object(Config\Cache), false)
 9 SYSTEMPATH\Boot.php(312): CodeIgniter\CodeIgniter->run()
10 SYSTEMPATH\Boot.php(67): CodeIgniter\Boot::runCodeIgniter(Object(CodeIgniter\CodeIgniter))
11 FCPATH\index.php(56): CodeIgniter\Boot::bootWeb(Object(Config\Paths))
INFO - 2024-05-30 02:51:48 --> Session: Class initialized using 'CodeIgniter\Session\Handlers\FileHandler' driver.
CRITICAL - 2024-05-30 02:51:48 --> ErrorException: Undefined array key "nama_pelanggan  "
[Method: POST, Route: Laporan/LihatLaporanHarian]
in APPPATH\Views\laporan\v_tabel_laporan_harian.php on line 21.
 1 APPPATH\Views\laporan\v_tabel_laporan_harian.php(21): CodeIgniter\Debug\Exceptions->errorHandler(2, 'Undefined array key "nama_pelanggan  "', 'C:\\xampp\\htdocs\\rpl\\app\\Views\\laporan\\v_tabel_laporan_harian.php', 21)
 2 SYSTEMPATH\View\View.php(234): include('C:\\xampp\\htdocs\\rpl\\app\\Views\\laporan\\v_tabel_laporan_harian.php')
 3 SYSTEMPATH\View\View.php(237): CodeIgniter\View\View->CodeIgniter\View\{closure}()
 4 SYSTEMPATH\Common.php(1171): CodeIgniter\View\View->render('laporan/v_tabel_laporan_harian', [], true)
 5 APPPATH\Controllers\Laporan.php(57): view('laporan/v_tabel_laporan_harian', [...])
 6 SYSTEMPATH\CodeIgniter.php(933): App\Controllers\Laporan->LihatLaporanHarian()
 7 SYSTEMPATH\CodeIgniter.php(509): CodeIgniter\CodeIgniter->runController(Object(App\Controllers\Laporan))
 8 SYSTEMPATH\CodeIgniter.php(355): CodeIgniter\CodeIgniter->handleRequest(null, Object(Config\Cache), false)
 9 SYSTEMPATH\Boot.php(312): CodeIgniter\CodeIgniter->run()
10 SYSTEMPATH\Boot.php(67): CodeIgniter\Boot::runCodeIgniter(Object(CodeIgniter\CodeIgniter))
11 FCPATH\index.php(56): CodeIgniter\Boot::bootWeb(Object(Config\Paths))
INFO - 2024-05-30 02:51:48 --> Session: Class initialized using 'CodeIgniter\Session\Handlers\FileHandler' driver.
CRITICAL - 2024-05-30 02:51:48 --> ErrorException: Undefined array key "nama_pelanggan  "
[Method: POST, Route: Laporan/LihatLaporanHarian]
in APPPATH\Views\laporan\v_tabel_laporan_harian.php on line 21.
 1 APPPATH\Views\laporan\v_tabel_laporan_harian.php(21): CodeIgniter\Debug\Exceptions->errorHandler(2, 'Undefined array key "nama_pelanggan  "', 'C:\\xampp\\htdocs\\rpl\\app\\Views\\laporan\\v_tabel_laporan_harian.php', 21)
 2 SYSTEMPATH\View\View.php(234): include('C:\\xampp\\htdocs\\rpl\\app\\Views\\laporan\\v_tabel_laporan_harian.php')
 3 SYSTEMPATH\View\View.php(237): CodeIgniter\View\View->CodeIgniter\View\{closure}()
 4 SYSTEMPATH\Common.php(1171): CodeIgniter\View\View->render('laporan/v_tabel_laporan_harian', [], true)
 5 APPPATH\Controllers\Laporan.php(57): view('laporan/v_tabel_laporan_harian', [...])
 6 SYSTEMPATH\CodeIgniter.php(933): App\Controllers\Laporan->LihatLaporanHarian()
 7 SYSTEMPATH\CodeIgniter.php(509): CodeIgniter\CodeIgniter->runController(Object(App\Controllers\Laporan))
 8 SYSTEMPATH\CodeIgniter.php(355): CodeIgniter\CodeIgniter->handleRequest(null, Object(Config\Cache), false)
 9 SYSTEMPATH\Boot.php(312): CodeIgniter\CodeIgniter->run()
10 SYSTEMPATH\Boot.php(67): CodeIgniter\Boot::runCodeIgniter(Object(CodeIgniter\CodeIgniter))
11 FCPATH\index.php(56): CodeIgniter\Boot::bootWeb(Object(Config\Paths))
INFO - 2024-05-30 02:52:01 --> Session: Class initialized using 'CodeIgniter\Session\Handlers\FileHandler' driver.
INFO - 2024-05-30 02:53:44 --> Session: Class initialized using 'CodeIgniter\Session\Handlers\FileHandler' driver.
INFO - 2024-05-30 02:54:08 --> Session: Class initialized using 'CodeIgniter\Session\Handlers\FileHandler' driver.
INFO - 2024-05-30 02:54:20 --> Session: Class initialized using 'CodeIgniter\Session\Handlers\FileHandler' driver.
INFO - 2024-05-30 02:54:21 --> Session: Class initialized using 'CodeIgniter\Session\Handlers\FileHandler' driver.
INFO - 2024-05-30 02:54:26 --> Session: Class initialized using 'CodeIgniter\Session\Handlers\FileHandler' driver.
INFO - 2024-05-30 02:54:27 --> Session: Class initialized using 'CodeIgniter\Session\Handlers\FileHandler' driver.
INFO - 2024-05-30 02:54:32 --> Session: Class initialized using 'CodeIgniter\Session\Handlers\FileHandler' driver.
CRITICAL - 2024-05-30 02:54:32 --> ErrorException: Undefined array key "nama_pelanggan  "
[Method: POST, Route: Laporan/LihatLaporanHarian]
in APPPATH\Views\laporan\v_tabel_laporan_harian.php on line 21.
 1 APPPATH\Views\laporan\v_tabel_laporan_harian.php(21): CodeIgniter\Debug\Exceptions->errorHandler(2, 'Undefined array key "nama_pelanggan  "', 'C:\\xampp\\htdocs\\rpl\\app\\Views\\laporan\\v_tabel_laporan_harian.php', 21)
 2 SYSTEMPATH\View\View.php(234): include('C:\\xampp\\htdocs\\rpl\\app\\Views\\laporan\\v_tabel_laporan_harian.php')
 3 SYSTEMPATH\View\View.php(237): CodeIgniter\View\View->CodeIgniter\View\{closure}()
 4 SYSTEMPATH\Common.php(1171): CodeIgniter\View\View->render('laporan/v_tabel_laporan_harian', [], true)
 5 APPPATH\Controllers\Laporan.php(57): view('laporan/v_tabel_laporan_harian', [...])
 6 SYSTEMPATH\CodeIgniter.php(933): App\Controllers\Laporan->LihatLaporanHarian()
 7 SYSTEMPATH\CodeIgniter.php(509): CodeIgniter\CodeIgniter->runController(Object(App\Controllers\Laporan))
 8 SYSTEMPATH\CodeIgniter.php(355): CodeIgniter\CodeIgniter->handleRequest(null, Object(Config\Cache), false)
 9 SYSTEMPATH\Boot.php(312): CodeIgniter\CodeIgniter->run()
10 SYSTEMPATH\Boot.php(67): CodeIgniter\Boot::runCodeIgniter(Object(CodeIgniter\CodeIgniter))
11 FCPATH\index.php(56): CodeIgniter\Boot::bootWeb(Object(Config\Paths))
INFO - 2024-05-30 02:54:42 --> Session: Class initialized using 'CodeIgniter\Session\Handlers\FileHandler' driver.
INFO - 2024-05-30 02:56:08 --> Session: Class initialized using 'CodeIgniter\Session\Handlers\FileHandler' driver.
INFO - 2024-05-30 02:56:15 --> Session: Class initialized using 'CodeIgniter\Session\Handlers\FileHandler' driver.
CRITICAL - 2024-05-30 02:56:15 --> ErrorException: Undefined array key "nama_pelanggan  "
[Method: POST, Route: Laporan/LihatLaporanHarian]
in APPPATH\Views\laporan\v_tabel_laporan_harian.php on line 21.
 1 APPPATH\Views\laporan\v_tabel_laporan_harian.php(21): CodeIgniter\Debug\Exceptions->errorHandler(2, 'Undefined array key "nama_pelanggan  "', 'C:\\xampp\\htdocs\\rpl\\app\\Views\\laporan\\v_tabel_laporan_harian.php', 21)
 2 SYSTEMPATH\View\View.php(234): include('C:\\xampp\\htdocs\\rpl\\app\\Views\\laporan\\v_tabel_laporan_harian.php')
 3 SYSTEMPATH\View\View.php(237): CodeIgniter\View\View->CodeIgniter\View\{closure}()
 4 SYSTEMPATH\Common.php(1171): CodeIgniter\View\View->render('laporan/v_tabel_laporan_harian', [], true)
 5 APPPATH\Controllers\Laporan.php(57): view('laporan/v_tabel_laporan_harian', [...])
 6 SYSTEMPATH\CodeIgniter.php(933): App\Controllers\Laporan->LihatLaporanHarian()
 7 SYSTEMPATH\CodeIgniter.php(509): CodeIgniter\CodeIgniter->runController(Object(App\Controllers\Laporan))
 8 SYSTEMPATH\CodeIgniter.php(355): CodeIgniter\CodeIgniter->handleRequest(null, Object(Config\Cache), false)
 9 SYSTEMPATH\Boot.php(312): CodeIgniter\CodeIgniter->run()
10 SYSTEMPATH\Boot.php(67): CodeIgniter\Boot::runCodeIgniter(Object(CodeIgniter\CodeIgniter))
11 FCPATH\index.php(56): CodeIgniter\Boot::bootWeb(Object(Config\Paths))
INFO - 2024-05-30 02:56:17 --> Session: Class initialized using 'CodeIgniter\Session\Handlers\FileHandler' driver.
CRITICAL - 2024-05-30 02:56:17 --> ErrorException: Undefined array key "nama_pelanggan  "
[Method: POST, Route: Laporan/LihatLaporanHarian]
in APPPATH\Views\laporan\v_tabel_laporan_harian.php on line 21.
 1 APPPATH\Views\laporan\v_tabel_laporan_harian.php(21): CodeIgniter\Debug\Exceptions->errorHandler(2, 'Undefined array key "nama_pelanggan  "', 'C:\\xampp\\htdocs\\rpl\\app\\Views\\laporan\\v_tabel_laporan_harian.php', 21)
 2 SYSTEMPATH\View\View.php(234): include('C:\\xampp\\htdocs\\rpl\\app\\Views\\laporan\\v_tabel_laporan_harian.php')
 3 SYSTEMPATH\View\View.php(237): CodeIgniter\View\View->CodeIgniter\View\{closure}()
 4 SYSTEMPATH\Common.php(1171): CodeIgniter\View\View->render('laporan/v_tabel_laporan_harian', [], true)
 5 APPPATH\Controllers\Laporan.php(57): view('laporan/v_tabel_laporan_harian', [...])
 6 SYSTEMPATH\CodeIgniter.php(933): App\Controllers\Laporan->LihatLaporanHarian()
 7 SYSTEMPATH\CodeIgniter.php(509): CodeIgniter\CodeIgniter->runController(Object(App\Controllers\Laporan))
 8 SYSTEMPATH\CodeIgniter.php(355): CodeIgniter\CodeIgniter->handleRequest(null, Object(Config\Cache), false)
 9 SYSTEMPATH\Boot.php(312): CodeIgniter\CodeIgniter->run()
10 SYSTEMPATH\Boot.php(67): CodeIgniter\Boot::runCodeIgniter(Object(CodeIgniter\CodeIgniter))
11 FCPATH\index.php(56): CodeIgniter\Boot::bootWeb(Object(Config\Paths))
INFO - 2024-05-30 02:58:04 --> Session: Class initialized using 'CodeIgniter\Session\Handlers\FileHandler' driver.
INFO - 2024-05-30 02:58:12 --> Session: Class initialized using 'CodeIgniter\Session\Handlers\FileHandler' driver.
INFO - 2024-05-30 02:58:14 --> Session: Class initialized using 'CodeIgniter\Session\Handlers\FileHandler' driver.
INFO - 2024-05-30 02:58:14 --> Session: Class initialized using 'CodeIgniter\Session\Handlers\FileHandler' driver.
INFO - 2024-05-30 02:58:18 --> Session: Class initialized using 'CodeIgniter\Session\Handlers\FileHandler' driver.
INFO - 2024-05-30 02:58:18 --> Session: Class initialized using 'CodeIgniter\Session\Handlers\FileHandler' driver.
INFO - 2024-05-30 02:58:20 --> Session: Class initialized using 'CodeIgniter\Session\Handlers\FileHandler' driver.
INFO - 2024-05-30 02:58:20 --> Cart Class Initialized
INFO - 2024-05-30 02:58:31 --> Session: Class initialized using 'CodeIgniter\Session\Handlers\FileHandler' driver.
INFO - 2024-05-30 02:58:31 --> Cart Class Initialized
INFO - 2024-05-30 02:58:36 --> Session: Class initialized using 'CodeIgniter\Session\Handlers\FileHandler' driver.
INFO - 2024-05-30 02:58:36 --> Cart Class Initialized
INFO - 2024-05-30 02:58:36 --> Session: Class initialized using 'CodeIgniter\Session\Handlers\FileHandler' driver.
INFO - 2024-05-30 02:58:36 --> Cart Class Initialized
INFO - 2024-05-30 02:58:40 --> Session: Class initialized using 'CodeIgniter\Session\Handlers\FileHandler' driver.
INFO - 2024-05-30 02:58:43 --> Session: Class initialized using 'CodeIgniter\Session\Handlers\FileHandler' driver.
CRITICAL - 2024-05-30 02:58:43 --> ErrorException: Undefined array key "nama_pelanggan  "
[Method: POST, Route: Laporan/LihatLaporanHarian]
in APPPATH\Views\laporan\v_tabel_laporan_harian.php on line 21.
 1 APPPATH\Views\laporan\v_tabel_laporan_harian.php(21): CodeIgniter\Debug\Exceptions->errorHandler(2, 'Undefined array key "nama_pelanggan  "', 'C:\\xampp\\htdocs\\rpl\\app\\Views\\laporan\\v_tabel_laporan_harian.php', 21)
 2 SYSTEMPATH\View\View.php(234): include('C:\\xampp\\htdocs\\rpl\\app\\Views\\laporan\\v_tabel_laporan_harian.php')
 3 SYSTEMPATH\View\View.php(237): CodeIgniter\View\View->CodeIgniter\View\{closure}()
 4 SYSTEMPATH\Common.php(1171): CodeIgniter\View\View->render('laporan/v_tabel_laporan_harian', [], true)
 5 APPPATH\Controllers\Laporan.php(57): view('laporan/v_tabel_laporan_harian', [...])
 6 SYSTEMPATH\CodeIgniter.php(933): App\Controllers\Laporan->LihatLaporanHarian()
 7 SYSTEMPATH\CodeIgniter.php(509): CodeIgniter\CodeIgniter->runController(Object(App\Controllers\Laporan))
 8 SYSTEMPATH\CodeIgniter.php(355): CodeIgniter\CodeIgniter->handleRequest(null, Object(Config\Cache), false)
 9 SYSTEMPATH\Boot.php(312): CodeIgniter\CodeIgniter->run()
10 SYSTEMPATH\Boot.php(67): CodeIgniter\Boot::runCodeIgniter(Object(CodeIgniter\CodeIgniter))
11 FCPATH\index.php(56): CodeIgniter\Boot::bootWeb(Object(Config\Paths))
INFO - 2024-05-30 02:58:45 --> Session: Class initialized using 'CodeIgniter\Session\Handlers\FileHandler' driver.
CRITICAL - 2024-05-30 02:58:45 --> ErrorException: Undefined array key "nama_pelanggan  "
[Method: POST, Route: Laporan/LihatLaporanHarian]
in APPPATH\Views\laporan\v_tabel_laporan_harian.php on line 21.
 1 APPPATH\Views\laporan\v_tabel_laporan_harian.php(21): CodeIgniter\Debug\Exceptions->errorHandler(2, 'Undefined array key "nama_pelanggan  "', 'C:\\xampp\\htdocs\\rpl\\app\\Views\\laporan\\v_tabel_laporan_harian.php', 21)
 2 SYSTEMPATH\View\View.php(234): include('C:\\xampp\\htdocs\\rpl\\app\\Views\\laporan\\v_tabel_laporan_harian.php')
 3 SYSTEMPATH\View\View.php(237): CodeIgniter\View\View->CodeIgniter\View\{closure}()
 4 SYSTEMPATH\Common.php(1171): CodeIgniter\View\View->render('laporan/v_tabel_laporan_harian', [], true)
 5 APPPATH\Controllers\Laporan.php(57): view('laporan/v_tabel_laporan_harian', [...])
 6 SYSTEMPATH\CodeIgniter.php(933): App\Controllers\Laporan->LihatLaporanHarian()
 7 SYSTEMPATH\CodeIgniter.php(509): CodeIgniter\CodeIgniter->runController(Object(App\Controllers\Laporan))
 8 SYSTEMPATH\CodeIgniter.php(355): CodeIgniter\CodeIgniter->handleRequest(null, Object(Config\Cache), false)
 9 SYSTEMPATH\Boot.php(312): CodeIgniter\CodeIgniter->run()
10 SYSTEMPATH\Boot.php(67): CodeIgniter\Boot::runCodeIgniter(Object(CodeIgniter\CodeIgniter))
11 FCPATH\index.php(56): CodeIgniter\Boot::bootWeb(Object(Config\Paths))
INFO - 2024-05-30 02:58:45 --> Session: Class initialized using 'CodeIgniter\Session\Handlers\FileHandler' driver.
CRITICAL - 2024-05-30 02:58:45 --> ErrorException: Undefined array key "nama_pelanggan  "
[Method: POST, Route: Laporan/LihatLaporanHarian]
in APPPATH\Views\laporan\v_tabel_laporan_harian.php on line 21.
 1 APPPATH\Views\laporan\v_tabel_laporan_harian.php(21): CodeIgniter\Debug\Exceptions->errorHandler(2, 'Undefined array key "nama_pelanggan  "', 'C:\\xampp\\htdocs\\rpl\\app\\Views\\laporan\\v_tabel_laporan_harian.php', 21)
 2 SYSTEMPATH\View\View.php(234): include('C:\\xampp\\htdocs\\rpl\\app\\Views\\laporan\\v_tabel_laporan_harian.php')
 3 SYSTEMPATH\View\View.php(237): CodeIgniter\View\View->CodeIgniter\View\{closure}()
 4 SYSTEMPATH\Common.php(1171): CodeIgniter\View\View->render('laporan/v_tabel_laporan_harian', [], true)
 5 APPPATH\Controllers\Laporan.php(57): view('laporan/v_tabel_laporan_harian', [...])
 6 SYSTEMPATH\CodeIgniter.php(933): App\Controllers\Laporan->LihatLaporanHarian()
 7 SYSTEMPATH\CodeIgniter.php(509): CodeIgniter\CodeIgniter->runController(Object(App\Controllers\Laporan))
 8 SYSTEMPATH\CodeIgniter.php(355): CodeIgniter\CodeIgniter->handleRequest(null, Object(Config\Cache), false)
 9 SYSTEMPATH\Boot.php(312): CodeIgniter\CodeIgniter->run()
10 SYSTEMPATH\Boot.php(67): CodeIgniter\Boot::runCodeIgniter(Object(CodeIgniter\CodeIgniter))
11 FCPATH\index.php(56): CodeIgniter\Boot::bootWeb(Object(Config\Paths))
INFO - 2024-05-30 02:58:45 --> Session: Class initialized using 'CodeIgniter\Session\Handlers\FileHandler' driver.
CRITICAL - 2024-05-30 02:58:45 --> ErrorException: Undefined array key "nama_pelanggan  "
[Method: POST, Route: Laporan/LihatLaporanHarian]
in APPPATH\Views\laporan\v_tabel_laporan_harian.php on line 21.
 1 APPPATH\Views\laporan\v_tabel_laporan_harian.php(21): CodeIgniter\Debug\Exceptions->errorHandler(2, 'Undefined array key "nama_pelanggan  "', 'C:\\xampp\\htdocs\\rpl\\app\\Views\\laporan\\v_tabel_laporan_harian.php', 21)
 2 SYSTEMPATH\View\View.php(234): include('C:\\xampp\\htdocs\\rpl\\app\\Views\\laporan\\v_tabel_laporan_harian.php')
 3 SYSTEMPATH\View\View.php(237): CodeIgniter\View\View->CodeIgniter\View\{closure}()
 4 SYSTEMPATH\Common.php(1171): CodeIgniter\View\View->render('laporan/v_tabel_laporan_harian', [], true)
 5 APPPATH\Controllers\Laporan.php(57): view('laporan/v_tabel_laporan_harian', [...])
 6 SYSTEMPATH\CodeIgniter.php(933): App\Controllers\Laporan->LihatLaporanHarian()
 7 SYSTEMPATH\CodeIgniter.php(509): CodeIgniter\CodeIgniter->runController(Object(App\Controllers\Laporan))
 8 SYSTEMPATH\CodeIgniter.php(355): CodeIgniter\CodeIgniter->handleRequest(null, Object(Config\Cache), false)
 9 SYSTEMPATH\Boot.php(312): CodeIgniter\CodeIgniter->run()
10 SYSTEMPATH\Boot.php(67): CodeIgniter\Boot::runCodeIgniter(Object(CodeIgniter\CodeIgniter))
11 FCPATH\index.php(56): CodeIgniter\Boot::bootWeb(Object(Config\Paths))
INFO - 2024-05-30 02:58:45 --> Session: Class initialized using 'CodeIgniter\Session\Handlers\FileHandler' driver.
CRITICAL - 2024-05-30 02:58:45 --> ErrorException: Undefined array key "nama_pelanggan  "
[Method: POST, Route: Laporan/LihatLaporanHarian]
in APPPATH\Views\laporan\v_tabel_laporan_harian.php on line 21.
 1 APPPATH\Views\laporan\v_tabel_laporan_harian.php(21): CodeIgniter\Debug\Exceptions->errorHandler(2, 'Undefined array key "nama_pelanggan  "', 'C:\\xampp\\htdocs\\rpl\\app\\Views\\laporan\\v_tabel_laporan_harian.php', 21)
 2 SYSTEMPATH\View\View.php(234): include('C:\\xampp\\htdocs\\rpl\\app\\Views\\laporan\\v_tabel_laporan_harian.php')
 3 SYSTEMPATH\View\View.php(237): CodeIgniter\View\View->CodeIgniter\View\{closure}()
 4 SYSTEMPATH\Common.php(1171): CodeIgniter\View\View->render('laporan/v_tabel_laporan_harian', [], true)
 5 APPPATH\Controllers\Laporan.php(57): view('laporan/v_tabel_laporan_harian', [...])
 6 SYSTEMPATH\CodeIgniter.php(933): App\Controllers\Laporan->LihatLaporanHarian()
 7 SYSTEMPATH\CodeIgniter.php(509): CodeIgniter\CodeIgniter->runController(Object(App\Controllers\Laporan))
 8 SYSTEMPATH\CodeIgniter.php(355): CodeIgniter\CodeIgniter->handleRequest(null, Object(Config\Cache), false)
 9 SYSTEMPATH\Boot.php(312): CodeIgniter\CodeIgniter->run()
10 SYSTEMPATH\Boot.php(67): CodeIgniter\Boot::runCodeIgniter(Object(CodeIgniter\CodeIgniter))
11 FCPATH\index.php(56): CodeIgniter\Boot::bootWeb(Object(Config\Paths))
INFO - 2024-05-30 02:58:46 --> Session: Class initialized using 'CodeIgniter\Session\Handlers\FileHandler' driver.
CRITICAL - 2024-05-30 02:58:46 --> ErrorException: Undefined array key "nama_pelanggan  "
[Method: POST, Route: Laporan/LihatLaporanHarian]
in APPPATH\Views\laporan\v_tabel_laporan_harian.php on line 21.
 1 APPPATH\Views\laporan\v_tabel_laporan_harian.php(21): CodeIgniter\Debug\Exceptions->errorHandler(2, 'Undefined array key "nama_pelanggan  "', 'C:\\xampp\\htdocs\\rpl\\app\\Views\\laporan\\v_tabel_laporan_harian.php', 21)
 2 SYSTEMPATH\View\View.php(234): include('C:\\xampp\\htdocs\\rpl\\app\\Views\\laporan\\v_tabel_laporan_harian.php')
 3 SYSTEMPATH\View\View.php(237): CodeIgniter\View\View->CodeIgniter\View\{closure}()
 4 SYSTEMPATH\Common.php(1171): CodeIgniter\View\View->render('laporan/v_tabel_laporan_harian', [], true)
 5 APPPATH\Controllers\Laporan.php(57): view('laporan/v_tabel_laporan_harian', [...])
 6 SYSTEMPATH\CodeIgniter.php(933): App\Controllers\Laporan->LihatLaporanHarian()
 7 SYSTEMPATH\CodeIgniter.php(509): CodeIgniter\CodeIgniter->runController(Object(App\Controllers\Laporan))
 8 SYSTEMPATH\CodeIgniter.php(355): CodeIgniter\CodeIgniter->handleRequest(null, Object(Config\Cache), false)
 9 SYSTEMPATH\Boot.php(312): CodeIgniter\CodeIgniter->run()
10 SYSTEMPATH\Boot.php(67): CodeIgniter\Boot::runCodeIgniter(Object(CodeIgniter\CodeIgniter))
11 FCPATH\index.php(56): CodeIgniter\Boot::bootWeb(Object(Config\Paths))
INFO - 2024-05-30 02:58:49 --> Session: Class initialized using 'CodeIgniter\Session\Handlers\FileHandler' driver.
INFO - 2024-05-30 02:58:52 --> Session: Class initialized using 'CodeIgniter\Session\Handlers\FileHandler' driver.
INFO - 2024-05-30 02:59:05 --> Session: Class initialized using 'CodeIgniter\Session\Handlers\FileHandler' driver.
INFO - 2024-05-30 02:59:23 --> Session: Class initialized using 'CodeIgniter\Session\Handlers\FileHandler' driver.
INFO - 2024-05-30 02:59:34 --> Session: Class initialized using 'CodeIgniter\Session\Handlers\FileHandler' driver.
INFO - 2024-05-30 02:59:40 --> Session: Class initialized using 'CodeIgniter\Session\Handlers\FileHandler' driver.
CRITICAL - 2024-05-30 02:59:40 --> ErrorException: Undefined array key "nama_pelanggan  "
[Method: POST, Route: Laporan/LihatLaporanHarian]
in APPPATH\Views\laporan\v_tabel_laporan_harian.php on line 21.
 1 APPPATH\Views\laporan\v_tabel_laporan_harian.php(21): CodeIgniter\Debug\Exceptions->errorHandler(2, 'Undefined array key "nama_pelanggan  "', 'C:\\xampp\\htdocs\\rpl\\app\\Views\\laporan\\v_tabel_laporan_harian.php', 21)
 2 SYSTEMPATH\View\View.php(234): include('C:\\xampp\\htdocs\\rpl\\app\\Views\\laporan\\v_tabel_laporan_harian.php')
 3 SYSTEMPATH\View\View.php(237): CodeIgniter\View\View->CodeIgniter\View\{closure}()
 4 SYSTEMPATH\Common.php(1171): CodeIgniter\View\View->render('laporan/v_tabel_laporan_harian', [], true)
 5 APPPATH\Controllers\Laporan.php(57): view('laporan/v_tabel_laporan_harian', [...])
 6 SYSTEMPATH\CodeIgniter.php(933): App\Controllers\Laporan->LihatLaporanHarian()
 7 SYSTEMPATH\CodeIgniter.php(509): CodeIgniter\CodeIgniter->runController(Object(App\Controllers\Laporan))
 8 SYSTEMPATH\CodeIgniter.php(355): CodeIgniter\CodeIgniter->handleRequest(null, Object(Config\Cache), false)
 9 SYSTEMPATH\Boot.php(312): CodeIgniter\CodeIgniter->run()
10 SYSTEMPATH\Boot.php(67): CodeIgniter\Boot::runCodeIgniter(Object(CodeIgniter\CodeIgniter))
11 FCPATH\index.php(56): CodeIgniter\Boot::bootWeb(Object(Config\Paths))
INFO - 2024-05-30 02:59:42 --> Session: Class initialized using 'CodeIgniter\Session\Handlers\FileHandler' driver.
CRITICAL - 2024-05-30 02:59:42 --> ErrorException: Undefined array key "nama_pelanggan  "
[Method: POST, Route: Laporan/LihatLaporanHarian]
in APPPATH\Views\laporan\v_tabel_laporan_harian.php on line 21.
 1 APPPATH\Views\laporan\v_tabel_laporan_harian.php(21): CodeIgniter\Debug\Exceptions->errorHandler(2, 'Undefined array key "nama_pelanggan  "', 'C:\\xampp\\htdocs\\rpl\\app\\Views\\laporan\\v_tabel_laporan_harian.php', 21)
 2 SYSTEMPATH\View\View.php(234): include('C:\\xampp\\htdocs\\rpl\\app\\Views\\laporan\\v_tabel_laporan_harian.php')
 3 SYSTEMPATH\View\View.php(237): CodeIgniter\View\View->CodeIgniter\View\{closure}()
 4 SYSTEMPATH\Common.php(1171): CodeIgniter\View\View->render('laporan/v_tabel_laporan_harian', [], true)
 5 APPPATH\Controllers\Laporan.php(57): view('laporan/v_tabel_laporan_harian', [...])
 6 SYSTEMPATH\CodeIgniter.php(933): App\Controllers\Laporan->LihatLaporanHarian()
 7 SYSTEMPATH\CodeIgniter.php(509): CodeIgniter\CodeIgniter->runController(Object(App\Controllers\Laporan))
 8 SYSTEMPATH\CodeIgniter.php(355): CodeIgniter\CodeIgniter->handleRequest(null, Object(Config\Cache), false)
 9 SYSTEMPATH\Boot.php(312): CodeIgniter\CodeIgniter->run()
10 SYSTEMPATH\Boot.php(67): CodeIgniter\Boot::runCodeIgniter(Object(CodeIgniter\CodeIgniter))
11 FCPATH\index.php(56): CodeIgniter\Boot::bootWeb(Object(Config\Paths))
INFO - 2024-05-30 03:00:05 --> Session: Class initialized using 'CodeIgniter\Session\Handlers\FileHandler' driver.
INFO - 2024-05-30 03:00:10 --> Session: Class initialized using 'CodeIgniter\Session\Handlers\FileHandler' driver.
INFO - 2024-05-30 03:00:29 --> Session: Class initialized using 'CodeIgniter\Session\Handlers\FileHandler' driver.
INFO - 2024-05-30 03:00:29 --> Session: Class initialized using 'CodeIgniter\Session\Handlers\FileHandler' driver.
INFO - 2024-05-30 03:00:32 --> Session: Class initialized using 'CodeIgniter\Session\Handlers\FileHandler' driver.
INFO - 2024-05-30 03:00:35 --> Session: Class initialized using 'CodeIgniter\Session\Handlers\FileHandler' driver.
INFO - 2024-05-30 03:02:09 --> Session: Class initialized using 'CodeIgniter\Session\Handlers\FileHandler' driver.
INFO - 2024-05-30 03:02:12 --> Session: Class initialized using 'CodeIgniter\Session\Handlers\FileHandler' driver.
INFO - 2024-05-30 03:05:39 --> Session: Class initialized using 'CodeIgniter\Session\Handlers\FileHandler' driver.
INFO - 2024-05-30 03:05:42 --> Session: Class initialized using 'CodeIgniter\Session\Handlers\FileHandler' driver.
INFO - 2024-05-30 03:05:45 --> Session: Class initialized using 'CodeIgniter\Session\Handlers\FileHandler' driver.
INFO - 2024-05-30 03:05:50 --> Session: Class initialized using 'CodeIgniter\Session\Handlers\FileHandler' driver.
INFO - 2024-05-30 03:09:24 --> Session: Class initialized using 'CodeIgniter\Session\Handlers\FileHandler' driver.
INFO - 2024-05-30 03:09:27 --> Session: Class initialized using 'CodeIgniter\Session\Handlers\FileHandler' driver.
INFO - 2024-05-30 03:09:31 --> Session: Class initialized using 'CodeIgniter\Session\Handlers\FileHandler' driver.
INFO - 2024-05-30 03:09:33 --> Session: Class initialized using 'CodeIgniter\Session\Handlers\FileHandler' driver.
INFO - 2024-05-30 03:10:11 --> Session: Class initialized using 'CodeIgniter\Session\Handlers\FileHandler' driver.
INFO - 2024-05-30 03:10:13 --> Session: Class initialized using 'CodeIgniter\Session\Handlers\FileHandler' driver.
INFO - 2024-05-30 03:10:15 --> Session: Class initialized using 'CodeIgniter\Session\Handlers\FileHandler' driver.
INFO - 2024-05-30 03:10:19 --> Session: Class initialized using 'CodeIgniter\Session\Handlers\FileHandler' driver.
INFO - 2024-05-30 03:10:57 --> Session: Class initialized using 'CodeIgniter\Session\Handlers\FileHandler' driver.
INFO - 2024-05-30 03:10:58 --> Session: Class initialized using 'CodeIgniter\Session\Handlers\FileHandler' driver.
INFO - 2024-05-30 03:11:01 --> Session: Class initialized using 'CodeIgniter\Session\Handlers\FileHandler' driver.
INFO - 2024-05-30 03:23:28 --> Session: Class initialized using 'CodeIgniter\Session\Handlers\FileHandler' driver.
INFO - 2024-05-30 03:23:31 --> Session: Class initialized using 'CodeIgniter\Session\Handlers\FileHandler' driver.
INFO - 2024-05-30 03:23:31 --> Cart Class Initialized
INFO - 2024-05-30 03:23:40 --> Session: Class initialized using 'CodeIgniter\Session\Handlers\FileHandler' driver.
INFO - 2024-05-30 04:10:24 --> Session: Class initialized using 'CodeIgniter\Session\Handlers\FileHandler' driver.
INFO - 2024-05-30 04:10:24 --> Cart Class Initialized
INFO - 2024-05-30 04:10:35 --> Session: Class initialized using 'CodeIgniter\Session\Handlers\FileHandler' driver.
INFO - 2024-05-30 04:10:37 --> Session: Class initialized using 'CodeIgniter\Session\Handlers\FileHandler' driver.
INFO - 2024-05-30 04:10:55 --> Session: Class initialized using 'CodeIgniter\Session\Handlers\FileHandler' driver.
INFO - 2024-05-30 04:10:58 --> Session: Class initialized using 'CodeIgniter\Session\Handlers\FileHandler' driver.
INFO - 2024-05-30 04:11:02 --> Session: Class initialized using 'CodeIgniter\Session\Handlers\FileHandler' driver.
INFO - 2024-05-30 04:11:03 --> Session: Class initialized using 'CodeIgniter\Session\Handlers\FileHandler' driver.
INFO - 2024-05-30 04:12:14 --> Session: Class initialized using 'CodeIgniter\Session\Handlers\FileHandler' driver.
INFO - 2024-05-30 04:15:26 --> Session: Class initialized using 'CodeIgniter\Session\Handlers\FileHandler' driver.
INFO - 2024-05-30 04:15:29 --> Session: Class initialized using 'CodeIgniter\Session\Handlers\FileHandler' driver.
INFO - 2024-05-30 04:15:30 --> Session: Class initialized using 'CodeIgniter\Session\Handlers\FileHandler' driver.
INFO - 2024-05-30 04:15:31 --> Session: Class initialized using 'CodeIgniter\Session\Handlers\FileHandler' driver.
INFO - 2024-05-30 04:20:46 --> Session: Class initialized using 'CodeIgniter\Session\Handlers\FileHandler' driver.
INFO - 2024-05-30 04:22:37 --> Session: Class initialized using 'CodeIgniter\Session\Handlers\FileHandler' driver.
INFO - 2024-05-30 04:22:48 --> Session: Class initialized using 'CodeIgniter\Session\Handlers\FileHandler' driver.
INFO - 2024-05-30 04:22:52 --> Session: Class initialized using 'CodeIgniter\Session\Handlers\FileHandler' driver.
INFO - 2024-05-30 04:22:54 --> Session: Class initialized using 'CodeIgniter\Session\Handlers\FileHandler' driver.
INFO - 2024-05-30 04:26:09 --> Session: Class initialized using 'CodeIgniter\Session\Handlers\FileHandler' driver.
INFO - 2024-05-30 04:26:13 --> Session: Class initialized using 'CodeIgniter\Session\Handlers\FileHandler' driver.
INFO - 2024-05-30 04:26:19 --> Session: Class initialized using 'CodeIgniter\Session\Handlers\FileHandler' driver.
INFO - 2024-05-30 04:26:23 --> Session: Class initialized using 'CodeIgniter\Session\Handlers\FileHandler' driver.
INFO - 2024-05-30 04:26:27 --> Session: Class initialized using 'CodeIgniter\Session\Handlers\FileHandler' driver.
INFO - 2024-05-30 04:27:58 --> Session: Class initialized using 'CodeIgniter\Session\Handlers\FileHandler' driver.
INFO - 2024-05-30 04:27:59 --> Session: Class initialized using 'CodeIgniter\Session\Handlers\FileHandler' driver.
INFO - 2024-05-30 04:27:59 --> Session: Class initialized using 'CodeIgniter\Session\Handlers\FileHandler' driver.
INFO - 2024-05-30 04:28:03 --> Session: Class initialized using 'CodeIgniter\Session\Handlers\FileHandler' driver.
INFO - 2024-05-30 04:28:04 --> Session: Class initialized using 'CodeIgniter\Session\Handlers\FileHandler' driver.
INFO - 2024-05-30 04:28:07 --> Session: Class initialized using 'CodeIgniter\Session\Handlers\FileHandler' driver.
INFO - 2024-05-30 04:34:57 --> Session: Class initialized using 'CodeIgniter\Session\Handlers\FileHandler' driver.
INFO - 2024-05-30 04:35:02 --> Session: Class initialized using 'CodeIgniter\Session\Handlers\FileHandler' driver.
INFO - 2024-05-30 04:35:10 --> Session: Class initialized using 'CodeIgniter\Session\Handlers\FileHandler' driver.
INFO - 2024-05-30 04:35:19 --> Session: Class initialized using 'CodeIgniter\Session\Handlers\FileHandler' driver.
INFO - 2024-05-30 04:35:24 --> Session: Class initialized using 'CodeIgniter\Session\Handlers\FileHandler' driver.
INFO - 2024-05-30 04:40:05 --> Session: Class initialized using 'CodeIgniter\Session\Handlers\FileHandler' driver.
INFO - 2024-05-30 04:40:41 --> Session: Class initialized using 'CodeIgniter\Session\Handlers\FileHandler' driver.
INFO - 2024-05-30 04:40:44 --> Session: Class initialized using 'CodeIgniter\Session\Handlers\FileHandler' driver.
INFO - 2024-05-30 04:40:47 --> Session: Class initialized using 'CodeIgniter\Session\Handlers\FileHandler' driver.
INFO - 2024-05-30 04:40:50 --> Session: Class initialized using 'CodeIgniter\Session\Handlers\FileHandler' driver.
INFO - 2024-05-30 04:40:54 --> Session: Class initialized using 'CodeIgniter\Session\Handlers\FileHandler' driver.
INFO - 2024-05-30 04:41:26 --> Session: Class initialized using 'CodeIgniter\Session\Handlers\FileHandler' driver.
INFO - 2024-05-30 04:41:28 --> Session: Class initialized using 'CodeIgniter\Session\Handlers\FileHandler' driver.
INFO - 2024-05-30 04:42:01 --> Session: Class initialized using 'CodeIgniter\Session\Handlers\FileHandler' driver.
INFO - 2024-05-30 04:42:05 --> Session: Class initialized using 'CodeIgniter\Session\Handlers\FileHandler' driver.
INFO - 2024-05-30 04:42:08 --> Session: Class initialized using 'CodeIgniter\Session\Handlers\FileHandler' driver.
INFO - 2024-05-30 04:43:04 --> Session: Class initialized using 'CodeIgniter\Session\Handlers\FileHandler' driver.
INFO - 2024-05-30 04:43:06 --> Session: Class initialized using 'CodeIgniter\Session\Handlers\FileHandler' driver.
INFO - 2024-05-30 04:43:09 --> Session: Class initialized using 'CodeIgniter\Session\Handlers\FileHandler' driver.
INFO - 2024-05-30 04:43:13 --> Session: Class initialized using 'CodeIgniter\Session\Handlers\FileHandler' driver.
INFO - 2024-05-30 04:47:45 --> Session: Class initialized using 'CodeIgniter\Session\Handlers\FileHandler' driver.
INFO - 2024-05-30 04:47:49 --> Session: Class initialized using 'CodeIgniter\Session\Handlers\FileHandler' driver.
INFO - 2024-05-30 04:49:58 --> Session: Class initialized using 'CodeIgniter\Session\Handlers\FileHandler' driver.
INFO - 2024-05-30 04:50:01 --> Session: Class initialized using 'CodeIgniter\Session\Handlers\FileHandler' driver.
INFO - 2024-05-30 04:50:05 --> Session: Class initialized using 'CodeIgniter\Session\Handlers\FileHandler' driver.
INFO - 2024-05-30 04:53:22 --> Session: Class initialized using 'CodeIgniter\Session\Handlers\FileHandler' driver.
INFO - 2024-05-30 04:56:29 --> Session: Class initialized using 'CodeIgniter\Session\Handlers\FileHandler' driver.
INFO - 2024-05-30 04:56:29 --> Cart Class Initialized
INFO - 2024-05-30 06:07:25 --> Session: Class initialized using 'CodeIgniter\Session\Handlers\FileHandler' driver.
INFO - 2024-05-30 06:07:25 --> Session: Class initialized using 'CodeIgniter\Session\Handlers\FileHandler' driver.
INFO - 2024-05-30 06:33:17 --> Session: Class initialized using 'CodeIgniter\Session\Handlers\FileHandler' driver.
INFO - 2024-05-30 06:33:17 --> Session: Class initialized using 'CodeIgniter\Session\Handlers\FileHandler' driver.
INFO - 2024-05-30 06:33:40 --> Session: Class initialized using 'CodeIgniter\Session\Handlers\FileHandler' driver.
INFO - 2024-05-30 06:33:40 --> Session: Class initialized using 'CodeIgniter\Session\Handlers\FileHandler' driver.
INFO - 2024-05-30 06:33:45 --> Session: Class initialized using 'CodeIgniter\Session\Handlers\FileHandler' driver.
INFO - 2024-05-30 06:33:45 --> Cart Class Initialized
INFO - 2024-05-30 06:33:50 --> Session: Class initialized using 'CodeIgniter\Session\Handlers\FileHandler' driver.
INFO - 2024-05-30 06:33:52 --> Session: Class initialized using 'CodeIgniter\Session\Handlers\FileHandler' driver.
INFO - 2024-05-30 06:33:53 --> Session: Class initialized using 'CodeIgniter\Session\Handlers\FileHandler' driver.
INFO - 2024-05-30 06:33:55 --> Session: Class initialized using 'CodeIgniter\Session\Handlers\FileHandler' driver.
INFO - 2024-05-30 06:33:56 --> Session: Class initialized using 'CodeIgniter\Session\Handlers\FileHandler' driver.
INFO - 2024-05-30 06:34:02 --> Session: Class initialized using 'CodeIgniter\Session\Handlers\FileHandler' driver.
INFO - 2024-05-30 06:34:08 --> Session: Class initialized using 'CodeIgniter\Session\Handlers\FileHandler' driver.
INFO - 2024-05-30 06:34:12 --> Session: Class initialized using 'CodeIgniter\Session\Handlers\FileHandler' driver.
INFO - 2024-05-30 06:34:13 --> Session: Class initialized using 'CodeIgniter\Session\Handlers\FileHandler' driver.
INFO - 2024-05-30 06:34:13 --> Cart Class Initialized
INFO - 2024-05-30 06:34:18 --> Session: Class initialized using 'CodeIgniter\Session\Handlers\FileHandler' driver.
INFO - 2024-05-30 06:34:18 --> Cart Class Initialized
INFO - 2024-05-30 06:34:18 --> Session: Class initialized using 'CodeIgniter\Session\Handlers\FileHandler' driver.
INFO - 2024-05-30 06:34:18 --> Cart Class Initialized
INFO - 2024-05-30 06:34:22 --> Session: Class initialized using 'CodeIgniter\Session\Handlers\FileHandler' driver.
INFO - 2024-05-30 06:34:22 --> Session: Class initialized using 'CodeIgniter\Session\Handlers\FileHandler' driver.
INFO - 2024-05-30 06:34:28 --> Session: Class initialized using 'CodeIgniter\Session\Handlers\FileHandler' driver.
INFO - 2024-05-30 06:34:28 --> Session: Class initialized using 'CodeIgniter\Session\Handlers\FileHandler' driver.
INFO - 2024-05-30 06:34:28 --> Cart Class Initialized
INFO - 2024-05-30 06:35:11 --> Session: Class initialized using 'CodeIgniter\Session\Handlers\FileHandler' driver.
INFO - 2024-05-30 06:35:11 --> Cart Class Initialized
INFO - 2024-05-30 06:35:11 --> Session: Class initialized using 'CodeIgniter\Session\Handlers\FileHandler' driver.
INFO - 2024-05-30 06:35:11 --> Cart Class Initialized
INFO - 2024-05-30 06:35:26 --> Session: Class initialized using 'CodeIgniter\Session\Handlers\FileHandler' driver.
INFO - 2024-05-30 06:35:26 --> Cart Class Initialized
INFO - 2024-05-30 06:35:31 --> Session: Class initialized using 'CodeIgniter\Session\Handlers\FileHandler' driver.
INFO - 2024-05-30 06:35:31 --> Cart Class Initialized
INFO - 2024-05-30 06:35:42 --> Session: Class initialized using 'CodeIgniter\Session\Handlers\FileHandler' driver.
INFO - 2024-05-30 06:35:42 --> Cart Class Initialized
INFO - 2024-05-30 06:35:42 --> Session: Class initialized using 'CodeIgniter\Session\Handlers\FileHandler' driver.
INFO - 2024-05-30 06:35:42 --> Cart Class Initialized
INFO - 2024-05-30 06:35:55 --> Session: Class initialized using 'CodeIgniter\Session\Handlers\FileHandler' driver.
INFO - 2024-05-30 06:35:55 --> Cart Class Initialized
INFO - 2024-05-30 06:36:11 --> Session: Class initialized using 'CodeIgniter\Session\Handlers\FileHandler' driver.
INFO - 2024-05-30 06:36:11 --> Cart Class Initialized
INFO - 2024-05-30 06:36:11 --> Session: Class initialized using 'CodeIgniter\Session\Handlers\FileHandler' driver.
INFO - 2024-05-30 06:36:11 --> Cart Class Initialized
INFO - 2024-05-30 06:36:32 --> Session: Class initialized using 'CodeIgniter\Session\Handlers\FileHandler' driver.
INFO - 2024-05-30 06:36:32 --> Session: Class initialized using 'CodeIgniter\Session\Handlers\FileHandler' driver.
INFO - 2024-05-30 06:36:45 --> Session: Class initialized using 'CodeIgniter\Session\Handlers\FileHandler' driver.
INFO - 2024-05-30 06:36:45 --> Session: Class initialized using 'CodeIgniter\Session\Handlers\FileHandler' driver.
INFO - 2024-05-30 06:36:52 --> Session: Class initialized using 'CodeIgniter\Session\Handlers\FileHandler' driver.
INFO - 2024-05-30 06:36:54 --> Session: Class initialized using 'CodeIgniter\Session\Handlers\FileHandler' driver.
INFO - 2024-05-30 06:36:55 --> Session: Class initialized using 'CodeIgniter\Session\Handlers\FileHandler' driver.
INFO - 2024-05-30 06:36:57 --> Session: Class initialized using 'CodeIgniter\Session\Handlers\FileHandler' driver.
INFO - 2024-05-30 06:37:08 --> Session: Class initialized using 'CodeIgniter\Session\Handlers\FileHandler' driver.
INFO - 2024-05-30 06:37:16 --> Session: Class initialized using 'CodeIgniter\Session\Handlers\FileHandler' driver.
INFO - 2024-05-30 06:37:16 --> Session: Class initialized using 'CodeIgniter\Session\Handlers\FileHandler' driver.
INFO - 2024-05-30 06:37:26 --> Session: Class initialized using 'CodeIgniter\Session\Handlers\FileHandler' driver.
INFO - 2024-05-30 06:37:26 --> Session: Class initialized using 'CodeIgniter\Session\Handlers\FileHandler' driver.
INFO - 2024-05-30 06:37:39 --> Session: Class initialized using 'CodeIgniter\Session\Handlers\FileHandler' driver.
INFO - 2024-05-30 06:37:40 --> Session: Class initialized using 'CodeIgniter\Session\Handlers\FileHandler' driver.
